2026-05-30 23:56:35 [ERROR]: ❌ SQL Server connection failed:
2026-06-01 21:52:59 [ERROR]: ❌ SQL Server connection failed:
2026-06-01 21:57:35 [ERROR]: ❌ SQL Server connection failed:
2026-06-01 22:00:31 [ERROR]: ❌ SQL Server connection failed:
2026-06-01 22:01:26 [ERROR]: ❌ SQL Server connection failed:
2026-06-02 22:54:35 [ERROR]: ❌ SQL Server connection failed:
2026-06-02 23:05:17 [ERROR]: ❌ SQL Server connection failed:
2026-06-06 22:59:43 [ERROR]: ❌ SQL Server connection failed:
2026-06-06 23:53:04 [ERROR]: ❌ SQL Server connection failed:
2026-06-07 00:17:19 [ERROR]: ❌ SQL Server connection failed:
2026-06-07 00:31:07 [ERROR]: ❌ SQL Server connection failed:
2026-06-07 00:35:48 [ERROR]: ❌ SQL Server connection failed:
2026-06-07 00:37:55 [ERROR]: SQL Server connection failed:
2026-06-07 00:38:07 [ERROR]: SQL Server connection failed:
2026-06-07 01:58:25 [ERROR]: RequestError: Invalid object name 'users'.
    at handleError (D:\Grad Project Lai\Grad Project\JOSWE\backend\node_modules\mssql\lib\tedious\request.js:384:15)
    at Connection.emit (node:events:509:28)
    at Connection.emit (D:\Grad Project Lai\Grad Project\JOSWE\backend\node_modules\tedious\lib\connection.js:959:18)
    at RequestTokenHandler.onErrorMessage (D:\Grad Project Lai\Grad Project\JOSWE\backend\node_modules\tedious\lib\token\handler.js:285:21)
    at Readable.<anonymous> (D:\Grad Project Lai\Grad Project\JOSWE\backend\node_modules\tedious\lib\token\token-stream-parser.js:18:33)
    at Readable.emit (node:events:509:28)
    at addChunk (node:internal/streams/readable:563:12)
    at readableAddChunkPushObjectMode (node:internal/streams/readable:540:3)
    at Readable.push (node:internal/streams/readable:395:5)
    at nextAsync (node:internal/streams/from:205:22)
    at process.processTicksAndRejections (node:internal/process/task_queues:104:5)
2026-06-07 01:58:25 [ERROR]: RequestError: Invalid object name 'users'.
    at handleError (D:\Grad Project Lai\Grad Project\JOSWE\backend\node_modules\mssql\lib\tedious\request.js:384:15)
    at Connection.emit (node:events:509:28)
    at Connection.emit (D:\Grad Project Lai\Grad Project\JOSWE\backend\node_modules\tedious\lib\connection.js:959:18)
    at RequestTokenHandler.onErrorMessage (D:\Grad Project Lai\Grad Project\JOSWE\backend\node_modules\tedious\lib\token\handler.js:285:21)
    at Readable.<anonymous> (D:\Grad Project Lai\Grad Project\JOSWE\backend\node_modules\tedious\lib\token\token-stream-parser.js:18:33)
    at Readable.emit (node:events:509:28)
    at addChunk (node:internal/streams/readable:563:12)
    at readableAddChunkPushObjectMode (node:internal/streams/readable:540:3)
    at Readable.push (node:internal/streams/readable:395:5)
    at nextAsync (node:internal/streams/from:205:22)
    at process.processTicksAndRejections (node:internal/process/task_queues:104:5)
2026-06-07 01:58:25 [ERROR]: RequestError: Invalid object name 'users'.
    at handleError (D:\Grad Project Lai\Grad Project\JOSWE\backend\node_modules\mssql\lib\tedious\request.js:384:15)
    at Connection.emit (node:events:509:28)
    at Connection.emit (D:\Grad Project Lai\Grad Project\JOSWE\backend\node_modules\tedious\lib\connection.js:959:18)
    at RequestTokenHandler.onErrorMessage (D:\Grad Project Lai\Grad Project\JOSWE\backend\node_modules\tedious\lib\token\handler.js:285:21)
    at Readable.<anonymous> (D:\Grad Project Lai\Grad Project\JOSWE\backend\node_modules\tedious\lib\token\token-stream-parser.js:18:33)
    at Readable.emit (node:events:509:28)
    at addChunk (node:internal/streams/readable:563:12)
    at readableAddChunkPushObjectMode (node:internal/streams/readable:540:3)
    at Readable.push (node:internal/streams/readable:395:5)
    at nextAsync (node:internal/streams/from:205:22)
    at process.processTicksAndRejections (node:internal/process/task_queues:104:5)
2026-06-07 01:58:25 [ERROR]: RequestError: Invalid object name 'users'.
    at handleError (D:\Grad Project Lai\Grad Project\JOSWE\backend\node_modules\mssql\lib\tedious\request.js:384:15)
    at Connection.emit (node:events:509:28)
    at Connection.emit (D:\Grad Project Lai\Grad Project\JOSWE\backend\node_modules\tedious\lib\connection.js:959:18)
    at RequestTokenHandler.onErrorMessage (D:\Grad Project Lai\Grad Project\JOSWE\backend\node_modules\tedious\lib\token\handler.js:285:21)
    at Readable.<anonymous> (D:\Grad Project Lai\Grad Project\JOSWE\backend\node_modules\tedious\lib\token\token-stream-parser.js:18:33)
    at Readable.emit (node:events:509:28)
    at addChunk (node:internal/streams/readable:563:12)
    at readableAddChunkPushObjectMode (node:internal/streams/readable:540:3)
    at Readable.push (node:internal/streams/readable:395:5)
    at nextAsync (node:internal/streams/from:205:22)
    at process.processTicksAndRejections (node:internal/process/task_queues:104:5)
2026-06-07 01:58:25 [ERROR]: RequestError: Invalid object name 'users'.
    at handleError (D:\Grad Project Lai\Grad Project\JOSWE\backend\node_modules\mssql\lib\tedious\request.js:384:15)
    at Connection.emit (node:events:509:28)
    at Connection.emit (D:\Grad Project Lai\Grad Project\JOSWE\backend\node_modules\tedious\lib\connection.js:959:18)
    at RequestTokenHandler.onErrorMessage (D:\Grad Project Lai\Grad Project\JOSWE\backend\node_modules\tedious\lib\token\handler.js:285:21)
    at Readable.<anonymous> (D:\Grad Project Lai\Grad Project\JOSWE\backend\node_modules\tedious\lib\token\token-stream-parser.js:18:33)
    at Readable.emit (node:events:509:28)
    at addChunk (node:internal/streams/readable:563:12)
    at readableAddChunkPushObjectMode (node:internal/streams/readable:540:3)
    at Readable.push (node:internal/streams/readable:395:5)
    at nextAsync (node:internal/streams/from:205:22)
    at process.processTicksAndRejections (node:internal/process/task_queues:104:5)
2026-06-07 01:58:34 [ERROR]: RequestError: Invalid object name 'users'.
    at handleError (D:\Grad Project Lai\Grad Project\JOSWE\backend\node_modules\mssql\lib\tedious\request.js:384:15)
    at Connection.emit (node:events:509:28)
    at Connection.emit (D:\Grad Project Lai\Grad Project\JOSWE\backend\node_modules\tedious\lib\connection.js:959:18)
    at RequestTokenHandler.onErrorMessage (D:\Grad Project Lai\Grad Project\JOSWE\backend\node_modules\tedious\lib\token\handler.js:285:21)
    at Readable.<anonymous> (D:\Grad Project Lai\Grad Project\JOSWE\backend\node_modules\tedious\lib\token\token-stream-parser.js:18:33)
    at Readable.emit (node:events:509:28)
    at addChunk (node:internal/streams/readable:563:12)
    at readableAddChunkPushObjectMode (node:internal/streams/readable:540:3)
    at Readable.push (node:internal/streams/readable:395:5)
    at nextAsync (node:internal/streams/from:205:22)
    at process.processTicksAndRejections (node:internal/process/task_queues:104:5)
2026-06-07 01:58:34 [ERROR]: RequestError: Invalid object name 'users'.
    at handleError (D:\Grad Project Lai\Grad Project\JOSWE\backend\node_modules\mssql\lib\tedious\request.js:384:15)
    at Connection.emit (node:events:509:28)
    at Connection.emit (D:\Grad Project Lai\Grad Project\JOSWE\backend\node_modules\tedious\lib\connection.js:959:18)
    at RequestTokenHandler.onErrorMessage (D:\Grad Project Lai\Grad Project\JOSWE\backend\node_modules\tedious\lib\token\handler.js:285:21)
    at Readable.<anonymous> (D:\Grad Project Lai\Grad Project\JOSWE\backend\node_modules\tedious\lib\token\token-stream-parser.js:18:33)
    at Readable.emit (node:events:509:28)
    at addChunk (node:internal/streams/readable:563:12)
    at readableAddChunkPushObjectMode (node:internal/streams/readable:540:3)
    at Readable.push (node:internal/streams/readable:395:5)
    at nextAsync (node:internal/streams/from:205:22)
    at process.processTicksAndRejections (node:internal/process/task_queues:104:5)
2026-06-07 01:58:34 [ERROR]: RequestError: Invalid object name 'users'.
    at handleError (D:\Grad Project Lai\Grad Project\JOSWE\backend\node_modules\mssql\lib\tedious\request.js:384:15)
    at Connection.emit (node:events:509:28)
    at Connection.emit (D:\Grad Project Lai\Grad Project\JOSWE\backend\node_modules\tedious\lib\connection.js:959:18)
    at RequestTokenHandler.onErrorMessage (D:\Grad Project Lai\Grad Project\JOSWE\backend\node_modules\tedious\lib\token\handler.js:285:21)
    at Readable.<anonymous> (D:\Grad Project Lai\Grad Project\JOSWE\backend\node_modules\tedious\lib\token\token-stream-parser.js:18:33)
    at Readable.emit (node:events:509:28)
    at addChunk (node:internal/streams/readable:563:12)
    at readableAddChunkPushObjectMode (node:internal/streams/readable:540:3)
    at Readable.push (node:internal/streams/readable:395:5)
    at nextAsync (node:internal/streams/from:205:22)
    at process.processTicksAndRejections (node:internal/process/task_queues:104:5)
2026-06-07 01:58:34 [ERROR]: RequestError: Invalid object name 'users'.
    at handleError (D:\Grad Project Lai\Grad Project\JOSWE\backend\node_modules\mssql\lib\tedious\request.js:384:15)
    at Connection.emit (node:events:509:28)
    at Connection.emit (D:\Grad Project Lai\Grad Project\JOSWE\backend\node_modules\tedious\lib\connection.js:959:18)
    at RequestTokenHandler.onErrorMessage (D:\Grad Project Lai\Grad Project\JOSWE\backend\node_modules\tedious\lib\token\handler.js:285:21)
    at Readable.<anonymous> (D:\Grad Project Lai\Grad Project\JOSWE\backend\node_modules\tedious\lib\token\token-stream-parser.js:18:33)
    at Readable.emit (node:events:509:28)
    at addChunk (node:internal/streams/readable:563:12)
    at readableAddChunkPushObjectMode (node:internal/streams/readable:540:3)
    at Readable.push (node:internal/streams/readable:395:5)
    at nextAsync (node:internal/streams/from:205:22)
    at process.processTicksAndRejections (node:internal/process/task_queues:104:5)
2026-06-07 01:58:34 [ERROR]: RequestError: Invalid object name 'users'.
    at handleError (D:\Grad Project Lai\Grad Project\JOSWE\backend\node_modules\mssql\lib\tedious\request.js:384:15)
    at Connection.emit (node:events:509:28)
    at Connection.emit (D:\Grad Project Lai\Grad Project\JOSWE\backend\node_modules\tedious\lib\connection.js:959:18)
    at RequestTokenHandler.onErrorMessage (D:\Grad Project Lai\Grad Project\JOSWE\backend\node_modules\tedious\lib\token\handler.js:285:21)
    at Readable.<anonymous> (D:\Grad Project Lai\Grad Project\JOSWE\backend\node_modules\tedious\lib\token\token-stream-parser.js:18:33)
    at Readable.emit (node:events:509:28)
    at addChunk (node:internal/streams/readable:563:12)
    at readableAddChunkPushObjectMode (node:internal/streams/readable:540:3)
    at Readable.push (node:internal/streams/readable:395:5)
    at nextAsync (node:internal/streams/from:205:22)
    at process.processTicksAndRejections (node:internal/process/task_queues:104:5)
2026-06-07 02:37:16 [ERROR]: RequestError: Invalid object name 'users'.
    at handleError (D:\Grad Project Lai\Grad Project\JOSWE\backend\node_modules\mssql\lib\tedious\request.js:384:15)
    at Connection.emit (node:events:509:28)
    at Connection.emit (D:\Grad Project Lai\Grad Project\JOSWE\backend\node_modules\tedious\lib\connection.js:959:18)
    at RequestTokenHandler.onErrorMessage (D:\Grad Project Lai\Grad Project\JOSWE\backend\node_modules\tedious\lib\token\handler.js:285:21)
    at Readable.<anonymous> (D:\Grad Project Lai\Grad Project\JOSWE\backend\node_modules\tedious\lib\token\token-stream-parser.js:18:33)
    at Readable.emit (node:events:509:28)
    at addChunk (node:internal/streams/readable:563:12)
    at readableAddChunkPushObjectMode (node:internal/streams/readable:540:3)
    at Readable.push (node:internal/streams/readable:395:5)
    at nextAsync (node:internal/streams/from:205:22)
    at process.processTicksAndRejections (node:internal/process/task_queues:104:5)
2026-06-07 02:37:16 [ERROR]: RequestError: Invalid object name 'users'.
    at handleError (D:\Grad Project Lai\Grad Project\JOSWE\backend\node_modules\mssql\lib\tedious\request.js:384:15)
    at Connection.emit (node:events:509:28)
    at Connection.emit (D:\Grad Project Lai\Grad Project\JOSWE\backend\node_modules\tedious\lib\connection.js:959:18)
    at RequestTokenHandler.onErrorMessage (D:\Grad Project Lai\Grad Project\JOSWE\backend\node_modules\tedious\lib\token\handler.js:285:21)
    at Readable.<anonymous> (D:\Grad Project Lai\Grad Project\JOSWE\backend\node_modules\tedious\lib\token\token-stream-parser.js:18:33)
    at Readable.emit (node:events:509:28)
    at addChunk (node:internal/streams/readable:563:12)
    at readableAddChunkPushObjectMode (node:internal/streams/readable:540:3)
    at Readable.push (node:internal/streams/readable:395:5)
    at nextAsync (node:internal/streams/from:205:22)
    at process.processTicksAndRejections (node:internal/process/task_queues:104:5)
2026-06-07 02:37:16 [ERROR]: RequestError: Invalid object name 'users'.
    at handleError (D:\Grad Project Lai\Grad Project\JOSWE\backend\node_modules\mssql\lib\tedious\request.js:384:15)
    at Connection.emit (node:events:509:28)
    at Connection.emit (D:\Grad Project Lai\Grad Project\JOSWE\backend\node_modules\tedious\lib\connection.js:959:18)
    at RequestTokenHandler.onErrorMessage (D:\Grad Project Lai\Grad Project\JOSWE\backend\node_modules\tedious\lib\token\handler.js:285:21)
    at Readable.<anonymous> (D:\Grad Project Lai\Grad Project\JOSWE\backend\node_modules\tedious\lib\token\token-stream-parser.js:18:33)
    at Readable.emit (node:events:509:28)
    at addChunk (node:internal/streams/readable:563:12)
    at readableAddChunkPushObjectMode (node:internal/streams/readable:540:3)
    at Readable.push (node:internal/streams/readable:395:5)
    at nextAsync (node:internal/streams/from:205:22)
    at process.processTicksAndRejections (node:internal/process/task_queues:104:5)
2026-06-07 02:37:16 [ERROR]: RequestError: Invalid object name 'users'.
    at handleError (D:\Grad Project Lai\Grad Project\JOSWE\backend\node_modules\mssql\lib\tedious\request.js:384:15)
    at Connection.emit (node:events:509:28)
    at Connection.emit (D:\Grad Project Lai\Grad Project\JOSWE\backend\node_modules\tedious\lib\connection.js:959:18)
    at RequestTokenHandler.onErrorMessage (D:\Grad Project Lai\Grad Project\JOSWE\backend\node_modules\tedious\lib\token\handler.js:285:21)
    at Readable.<anonymous> (D:\Grad Project Lai\Grad Project\JOSWE\backend\node_modules\tedious\lib\token\token-stream-parser.js:18:33)
    at Readable.emit (node:events:509:28)
    at addChunk (node:internal/streams/readable:563:12)
    at readableAddChunkPushObjectMode (node:internal/streams/readable:540:3)
    at Readable.push (node:internal/streams/readable:395:5)
    at nextAsync (node:internal/streams/from:205:22)
    at process.processTicksAndRejections (node:internal/process/task_queues:104:5)
2026-06-07 02:37:16 [ERROR]: RequestError: Invalid object name 'users'.
    at handleError (D:\Grad Project Lai\Grad Project\JOSWE\backend\node_modules\mssql\lib\tedious\request.js:384:15)
    at Connection.emit (node:events:509:28)
    at Connection.emit (D:\Grad Project Lai\Grad Project\JOSWE\backend\node_modules\tedious\lib\connection.js:959:18)
    at RequestTokenHandler.onErrorMessage (D:\Grad Project Lai\Grad Project\JOSWE\backend\node_modules\tedious\lib\token\handler.js:285:21)
    at Readable.<anonymous> (D:\Grad Project Lai\Grad Project\JOSWE\backend\node_modules\tedious\lib\token\token-stream-parser.js:18:33)
    at Readable.emit (node:events:509:28)
    at addChunk (node:internal/streams/readable:563:12)
    at readableAddChunkPushObjectMode (node:internal/streams/readable:540:3)
    at Readable.push (node:internal/streams/readable:395:5)
    at nextAsync (node:internal/streams/from:205:22)
    at process.processTicksAndRejections (node:internal/process/task_queues:104:5)
2026-06-07 02:37:33 [ERROR]: RequestError: Invalid object name 'users'.
    at handleError (D:\Grad Project Lai\Grad Project\JOSWE\backend\node_modules\mssql\lib\tedious\request.js:384:15)
    at Connection.emit (node:events:509:28)
    at Connection.emit (D:\Grad Project Lai\Grad Project\JOSWE\backend\node_modules\tedious\lib\connection.js:959:18)
    at RequestTokenHandler.onErrorMessage (D:\Grad Project Lai\Grad Project\JOSWE\backend\node_modules\tedious\lib\token\handler.js:285:21)
    at Readable.<anonymous> (D:\Grad Project Lai\Grad Project\JOSWE\backend\node_modules\tedious\lib\token\token-stream-parser.js:18:33)
    at Readable.emit (node:events:509:28)
    at addChunk (node:internal/streams/readable:563:12)
    at readableAddChunkPushObjectMode (node:internal/streams/readable:540:3)
    at Readable.push (node:internal/streams/readable:395:5)
    at nextAsync (node:internal/streams/from:205:22)
    at process.processTicksAndRejections (node:internal/process/task_queues:104:5)
2026-06-07 02:37:33 [ERROR]: RequestError: Invalid object name 'users'.
    at handleError (D:\Grad Project Lai\Grad Project\JOSWE\backend\node_modules\mssql\lib\tedious\request.js:384:15)
    at Connection.emit (node:events:509:28)
    at Connection.emit (D:\Grad Project Lai\Grad Project\JOSWE\backend\node_modules\tedious\lib\connection.js:959:18)
    at RequestTokenHandler.onErrorMessage (D:\Grad Project Lai\Grad Project\JOSWE\backend\node_modules\tedious\lib\token\handler.js:285:21)
    at Readable.<anonymous> (D:\Grad Project Lai\Grad Project\JOSWE\backend\node_modules\tedious\lib\token\token-stream-parser.js:18:33)
    at Readable.emit (node:events:509:28)
    at addChunk (node:internal/streams/readable:563:12)
    at readableAddChunkPushObjectMode (node:internal/streams/readable:540:3)
    at Readable.push (node:internal/streams/readable:395:5)
    at nextAsync (node:internal/streams/from:205:22)
    at process.processTicksAndRejections (node:internal/process/task_queues:104:5)
2026-06-07 02:37:33 [ERROR]: RequestError: Invalid object name 'users'.
    at handleError (D:\Grad Project Lai\Grad Project\JOSWE\backend\node_modules\mssql\lib\tedious\request.js:384:15)
    at Connection.emit (node:events:509:28)
    at Connection.emit (D:\Grad Project Lai\Grad Project\JOSWE\backend\node_modules\tedious\lib\connection.js:959:18)
    at RequestTokenHandler.onErrorMessage (D:\Grad Project Lai\Grad Project\JOSWE\backend\node_modules\tedious\lib\token\handler.js:285:21)
    at Readable.<anonymous> (D:\Grad Project Lai\Grad Project\JOSWE\backend\node_modules\tedious\lib\token\token-stream-parser.js:18:33)
    at Readable.emit (node:events:509:28)
    at addChunk (node:internal/streams/readable:563:12)
    at readableAddChunkPushObjectMode (node:internal/streams/readable:540:3)
    at Readable.push (node:internal/streams/readable:395:5)
    at nextAsync (node:internal/streams/from:205:22)
    at process.processTicksAndRejections (node:internal/process/task_queues:104:5)
2026-06-07 02:37:33 [ERROR]: RequestError: Invalid object name 'users'.
    at handleError (D:\Grad Project Lai\Grad Project\JOSWE\backend\node_modules\mssql\lib\tedious\request.js:384:15)
    at Connection.emit (node:events:509:28)
    at Connection.emit (D:\Grad Project Lai\Grad Project\JOSWE\backend\node_modules\tedious\lib\connection.js:959:18)
    at RequestTokenHandler.onErrorMessage (D:\Grad Project Lai\Grad Project\JOSWE\backend\node_modules\tedious\lib\token\handler.js:285:21)
    at Readable.<anonymous> (D:\Grad Project Lai\Grad Project\JOSWE\backend\node_modules\tedious\lib\token\token-stream-parser.js:18:33)
    at Readable.emit (node:events:509:28)
    at addChunk (node:internal/streams/readable:563:12)
    at readableAddChunkPushObjectMode (node:internal/streams/readable:540:3)
    at Readable.push (node:internal/streams/readable:395:5)
    at nextAsync (node:internal/streams/from:205:22)
    at process.processTicksAndRejections (node:internal/process/task_queues:104:5)
2026-06-07 02:37:34 [ERROR]: RequestError: Invalid object name 'users'.
    at handleError (D:\Grad Project Lai\Grad Project\JOSWE\backend\node_modules\mssql\lib\tedious\request.js:384:15)
    at Connection.emit (node:events:509:28)
    at Connection.emit (D:\Grad Project Lai\Grad Project\JOSWE\backend\node_modules\tedious\lib\connection.js:959:18)
    at RequestTokenHandler.onErrorMessage (D:\Grad Project Lai\Grad Project\JOSWE\backend\node_modules\tedious\lib\token\handler.js:285:21)
    at Readable.<anonymous> (D:\Grad Project Lai\Grad Project\JOSWE\backend\node_modules\tedious\lib\token\token-stream-parser.js:18:33)
    at Readable.emit (node:events:509:28)
    at addChunk (node:internal/streams/readable:563:12)
    at readableAddChunkPushObjectMode (node:internal/streams/readable:540:3)
    at Readable.push (node:internal/streams/readable:395:5)
    at nextAsync (node:internal/streams/from:205:22)
    at process.processTicksAndRejections (node:internal/process/task_queues:104:5)
2026-06-07 02:59:33 [ERROR]: RequestError: Invalid object name 'users'.
    at handleError (D:\Grad Project Lai\Grad Project\JOSWE\backend\node_modules\mssql\lib\tedious\request.js:384:15)
    at Connection.emit (node:events:509:28)
    at Connection.emit (D:\Grad Project Lai\Grad Project\JOSWE\backend\node_modules\tedious\lib\connection.js:959:18)
    at RequestTokenHandler.onErrorMessage (D:\Grad Project Lai\Grad Project\JOSWE\backend\node_modules\tedious\lib\token\handler.js:285:21)
    at Readable.<anonymous> (D:\Grad Project Lai\Grad Project\JOSWE\backend\node_modules\tedious\lib\token\token-stream-parser.js:18:33)
    at Readable.emit (node:events:509:28)
    at addChunk (node:internal/streams/readable:563:12)
    at readableAddChunkPushObjectMode (node:internal/streams/readable:540:3)
    at Readable.push (node:internal/streams/readable:395:5)
    at nextAsync (node:internal/streams/from:205:22)
    at process.processTicksAndRejections (node:internal/process/task_queues:104:5)
2026-06-07 02:59:33 [ERROR]: RequestError: Invalid object name 'users'.
    at handleError (D:\Grad Project Lai\Grad Project\JOSWE\backend\node_modules\mssql\lib\tedious\request.js:384:15)
    at Connection.emit (node:events:509:28)
    at Connection.emit (D:\Grad Project Lai\Grad Project\JOSWE\backend\node_modules\tedious\lib\connection.js:959:18)
    at RequestTokenHandler.onErrorMessage (D:\Grad Project Lai\Grad Project\JOSWE\backend\node_modules\tedious\lib\token\handler.js:285:21)
    at Readable.<anonymous> (D:\Grad Project Lai\Grad Project\JOSWE\backend\node_modules\tedious\lib\token\token-stream-parser.js:18:33)
    at Readable.emit (node:events:509:28)
    at addChunk (node:internal/streams/readable:563:12)
    at readableAddChunkPushObjectMode (node:internal/streams/readable:540:3)
    at Readable.push (node:internal/streams/readable:395:5)
    at nextAsync (node:internal/streams/from:205:22)
    at process.processTicksAndRejections (node:internal/process/task_queues:104:5)
2026-06-07 02:59:33 [ERROR]: RequestError: Invalid object name 'users'.
    at handleError (D:\Grad Project Lai\Grad Project\JOSWE\backend\node_modules\mssql\lib\tedious\request.js:384:15)
    at Connection.emit (node:events:509:28)
    at Connection.emit (D:\Grad Project Lai\Grad Project\JOSWE\backend\node_modules\tedious\lib\connection.js:959:18)
    at RequestTokenHandler.onErrorMessage (D:\Grad Project Lai\Grad Project\JOSWE\backend\node_modules\tedious\lib\token\handler.js:285:21)
    at Readable.<anonymous> (D:\Grad Project Lai\Grad Project\JOSWE\backend\node_modules\tedious\lib\token\token-stream-parser.js:18:33)
    at Readable.emit (node:events:509:28)
    at addChunk (node:internal/streams/readable:563:12)
    at readableAddChunkPushObjectMode (node:internal/streams/readable:540:3)
    at Readable.push (node:internal/streams/readable:395:5)
    at nextAsync (node:internal/streams/from:205:22)
    at process.processTicksAndRejections (node:internal/process/task_queues:104:5)
2026-06-07 02:59:33 [ERROR]: RequestError: Invalid object name 'users'.
    at handleError (D:\Grad Project Lai\Grad Project\JOSWE\backend\node_modules\mssql\lib\tedious\request.js:384:15)
    at Connection.emit (node:events:509:28)
    at Connection.emit (D:\Grad Project Lai\Grad Project\JOSWE\backend\node_modules\tedious\lib\connection.js:959:18)
    at RequestTokenHandler.onErrorMessage (D:\Grad Project Lai\Grad Project\JOSWE\backend\node_modules\tedious\lib\token\handler.js:285:21)
    at Readable.<anonymous> (D:\Grad Project Lai\Grad Project\JOSWE\backend\node_modules\tedious\lib\token\token-stream-parser.js:18:33)
    at Readable.emit (node:events:509:28)
    at addChunk (node:internal/streams/readable:563:12)
    at readableAddChunkPushObjectMode (node:internal/streams/readable:540:3)
    at Readable.push (node:internal/streams/readable:395:5)
    at nextAsync (node:internal/streams/from:205:22)
    at process.processTicksAndRejections (node:internal/process/task_queues:104:5)
2026-06-07 02:59:33 [ERROR]: RequestError: Invalid object name 'users'.
    at handleError (D:\Grad Project Lai\Grad Project\JOSWE\backend\node_modules\mssql\lib\tedious\request.js:384:15)
    at Connection.emit (node:events:509:28)
    at Connection.emit (D:\Grad Project Lai\Grad Project\JOSWE\backend\node_modules\tedious\lib\connection.js:959:18)
    at RequestTokenHandler.onErrorMessage (D:\Grad Project Lai\Grad Project\JOSWE\backend\node_modules\tedious\lib\token\handler.js:285:21)
    at Readable.<anonymous> (D:\Grad Project Lai\Grad Project\JOSWE\backend\node_modules\tedious\lib\token\token-stream-parser.js:18:33)
    at Readable.emit (node:events:509:28)
    at addChunk (node:internal/streams/readable:563:12)
    at readableAddChunkPushObjectMode (node:internal/streams/readable:540:3)
    at Readable.push (node:internal/streams/readable:395:5)
    at nextAsync (node:internal/streams/from:205:22)
    at process.processTicksAndRejections (node:internal/process/task_queues:104:5)
2026-06-07 02:59:33 [ERROR]: RequestError: Invalid object name 'users'.
    at handleError (D:\Grad Project Lai\Grad Project\JOSWE\backend\node_modules\mssql\lib\tedious\request.js:384:15)
    at Connection.emit (node:events:509:28)
    at Connection.emit (D:\Grad Project Lai\Grad Project\JOSWE\backend\node_modules\tedious\lib\connection.js:959:18)
    at RequestTokenHandler.onErrorMessage (D:\Grad Project Lai\Grad Project\JOSWE\backend\node_modules\tedious\lib\token\handler.js:285:21)
    at Readable.<anonymous> (D:\Grad Project Lai\Grad Project\JOSWE\backend\node_modules\tedious\lib\token\token-stream-parser.js:18:33)
    at Readable.emit (node:events:509:28)
    at addChunk (node:internal/streams/readable:563:12)
    at readableAddChunkPushObjectMode (node:internal/streams/readable:540:3)
    at Readable.push (node:internal/streams/readable:395:5)
    at nextAsync (node:internal/streams/from:205:22)
    at process.processTicksAndRejections (node:internal/process/task_queues:104:5)
2026-06-07 02:59:33 [ERROR]: RequestError: Invalid object name 'users'.
    at handleError (D:\Grad Project Lai\Grad Project\JOSWE\backend\node_modules\mssql\lib\tedious\request.js:384:15)
    at Connection.emit (node:events:509:28)
    at Connection.emit (D:\Grad Project Lai\Grad Project\JOSWE\backend\node_modules\tedious\lib\connection.js:959:18)
    at RequestTokenHandler.onErrorMessage (D:\Grad Project Lai\Grad Project\JOSWE\backend\node_modules\tedious\lib\token\handler.js:285:21)
    at Readable.<anonymous> (D:\Grad Project Lai\Grad Project\JOSWE\backend\node_modules\tedious\lib\token\token-stream-parser.js:18:33)
    at Readable.emit (node:events:509:28)
    at addChunk (node:internal/streams/readable:563:12)
    at readableAddChunkPushObjectMode (node:internal/streams/readable:540:3)
    at Readable.push (node:internal/streams/readable:395:5)
    at nextAsync (node:internal/streams/from:205:22)
    at process.processTicksAndRejections (node:internal/process/task_queues:104:5)
2026-06-07 02:59:33 [ERROR]: RequestError: Invalid object name 'users'.
    at handleError (D:\Grad Project Lai\Grad Project\JOSWE\backend\node_modules\mssql\lib\tedious\request.js:384:15)
    at Connection.emit (node:events:509:28)
    at Connection.emit (D:\Grad Project Lai\Grad Project\JOSWE\backend\node_modules\tedious\lib\connection.js:959:18)
    at RequestTokenHandler.onErrorMessage (D:\Grad Project Lai\Grad Project\JOSWE\backend\node_modules\tedious\lib\token\handler.js:285:21)
    at Readable.<anonymous> (D:\Grad Project Lai\Grad Project\JOSWE\backend\node_modules\tedious\lib\token\token-stream-parser.js:18:33)
    at Readable.emit (node:events:509:28)
    at addChunk (node:internal/streams/readable:563:12)
    at readableAddChunkPushObjectMode (node:internal/streams/readable:540:3)
    at Readable.push (node:internal/streams/readable:395:5)
    at nextAsync (node:internal/streams/from:205:22)
    at process.processTicksAndRejections (node:internal/process/task_queues:104:5)
2026-06-07 02:59:33 [ERROR]: RequestError: Invalid object name 'users'.
    at handleError (D:\Grad Project Lai\Grad Project\JOSWE\backend\node_modules\mssql\lib\tedious\request.js:384:15)
    at Connection.emit (node:events:509:28)
    at Connection.emit (D:\Grad Project Lai\Grad Project\JOSWE\backend\node_modules\tedious\lib\connection.js:959:18)
    at RequestTokenHandler.onErrorMessage (D:\Grad Project Lai\Grad Project\JOSWE\backend\node_modules\tedious\lib\token\handler.js:285:21)
    at Readable.<anonymous> (D:\Grad Project Lai\Grad Project\JOSWE\backend\node_modules\tedious\lib\token\token-stream-parser.js:18:33)
    at Readable.emit (node:events:509:28)
    at addChunk (node:internal/streams/readable:563:12)
    at readableAddChunkPushObjectMode (node:internal/streams/readable:540:3)
    at Readable.push (node:internal/streams/readable:395:5)
    at nextAsync (node:internal/streams/from:205:22)
    at process.processTicksAndRejections (node:internal/process/task_queues:104:5)
2026-06-07 02:59:33 [ERROR]: RequestError: Invalid object name 'users'.
    at handleError (D:\Grad Project Lai\Grad Project\JOSWE\backend\node_modules\mssql\lib\tedious\request.js:384:15)
    at Connection.emit (node:events:509:28)
    at Connection.emit (D:\Grad Project Lai\Grad Project\JOSWE\backend\node_modules\tedious\lib\connection.js:959:18)
    at RequestTokenHandler.onErrorMessage (D:\Grad Project Lai\Grad Project\JOSWE\backend\node_modules\tedious\lib\token\handler.js:285:21)
    at Readable.<anonymous> (D:\Grad Project Lai\Grad Project\JOSWE\backend\node_modules\tedious\lib\token\token-stream-parser.js:18:33)
    at Readable.emit (node:events:509:28)
    at addChunk (node:internal/streams/readable:563:12)
    at readableAddChunkPushObjectMode (node:internal/streams/readable:540:3)
    at Readable.push (node:internal/streams/readable:395:5)
    at nextAsync (node:internal/streams/from:205:22)
    at process.processTicksAndRejections (node:internal/process/task_queues:104:5)
2026-06-07 03:14:43 [ERROR]: RequestError: Invalid object name 'users'.
    at handleError (D:\Grad Project Lai\Grad Project\JOSWE\backend\node_modules\mssql\lib\tedious\request.js:384:15)
    at Connection.emit (node:events:509:28)
    at Connection.emit (D:\Grad Project Lai\Grad Project\JOSWE\backend\node_modules\tedious\lib\connection.js:959:18)
    at RequestTokenHandler.onErrorMessage (D:\Grad Project Lai\Grad Project\JOSWE\backend\node_modules\tedious\lib\token\handler.js:285:21)
    at Readable.<anonymous> (D:\Grad Project Lai\Grad Project\JOSWE\backend\node_modules\tedious\lib\token\token-stream-parser.js:18:33)
    at Readable.emit (node:events:509:28)
    at addChunk (node:internal/streams/readable:563:12)
    at readableAddChunkPushObjectMode (node:internal/streams/readable:540:3)
    at Readable.push (node:internal/streams/readable:395:5)
    at nextAsync (node:internal/streams/from:205:22)
    at process.processTicksAndRejections (node:internal/process/task_queues:104:5)
2026-06-07 03:14:43 [ERROR]: RequestError: Invalid object name 'users'.
    at handleError (D:\Grad Project Lai\Grad Project\JOSWE\backend\node_modules\mssql\lib\tedious\request.js:384:15)
    at Connection.emit (node:events:509:28)
    at Connection.emit (D:\Grad Project Lai\Grad Project\JOSWE\backend\node_modules\tedious\lib\connection.js:959:18)
    at RequestTokenHandler.onErrorMessage (D:\Grad Project Lai\Grad Project\JOSWE\backend\node_modules\tedious\lib\token\handler.js:285:21)
    at Readable.<anonymous> (D:\Grad Project Lai\Grad Project\JOSWE\backend\node_modules\tedious\lib\token\token-stream-parser.js:18:33)
    at Readable.emit (node:events:509:28)
    at addChunk (node:internal/streams/readable:563:12)
    at readableAddChunkPushObjectMode (node:internal/streams/readable:540:3)
    at Readable.push (node:internal/streams/readable:395:5)
    at nextAsync (node:internal/streams/from:205:22)
    at process.processTicksAndRejections (node:internal/process/task_queues:104:5)
2026-06-07 03:14:44 [ERROR]: RequestError: Invalid object name 'users'.
    at handleError (D:\Grad Project Lai\Grad Project\JOSWE\backend\node_modules\mssql\lib\tedious\request.js:384:15)
    at Connection.emit (node:events:509:28)
    at Connection.emit (D:\Grad Project Lai\Grad Project\JOSWE\backend\node_modules\tedious\lib\connection.js:959:18)
    at RequestTokenHandler.onErrorMessage (D:\Grad Project Lai\Grad Project\JOSWE\backend\node_modules\tedious\lib\token\handler.js:285:21)
    at Readable.<anonymous> (D:\Grad Project Lai\Grad Project\JOSWE\backend\node_modules\tedious\lib\token\token-stream-parser.js:18:33)
    at Readable.emit (node:events:509:28)
    at addChunk (node:internal/streams/readable:563:12)
    at readableAddChunkPushObjectMode (node:internal/streams/readable:540:3)
    at Readable.push (node:internal/streams/readable:395:5)
    at nextAsync (node:internal/streams/from:205:22)
    at process.processTicksAndRejections (node:internal/process/task_queues:104:5)
2026-06-07 03:14:44 [ERROR]: RequestError: Invalid object name 'users'.
    at handleError (D:\Grad Project Lai\Grad Project\JOSWE\backend\node_modules\mssql\lib\tedious\request.js:384:15)
    at Connection.emit (node:events:509:28)
    at Connection.emit (D:\Grad Project Lai\Grad Project\JOSWE\backend\node_modules\tedious\lib\connection.js:959:18)
    at RequestTokenHandler.onErrorMessage (D:\Grad Project Lai\Grad Project\JOSWE\backend\node_modules\tedious\lib\token\handler.js:285:21)
    at Readable.<anonymous> (D:\Grad Project Lai\Grad Project\JOSWE\backend\node_modules\tedious\lib\token\token-stream-parser.js:18:33)
    at Readable.emit (node:events:509:28)
    at addChunk (node:internal/streams/readable:563:12)
    at readableAddChunkPushObjectMode (node:internal/streams/readable:540:3)
    at Readable.push (node:internal/streams/readable:395:5)
    at nextAsync (node:internal/streams/from:205:22)
    at process.processTicksAndRejections (node:internal/process/task_queues:104:5)
2026-06-07 03:14:44 [ERROR]: RequestError: Invalid object name 'users'.
    at handleError (D:\Grad Project Lai\Grad Project\JOSWE\backend\node_modules\mssql\lib\tedious\request.js:384:15)
    at Connection.emit (node:events:509:28)
    at Connection.emit (D:\Grad Project Lai\Grad Project\JOSWE\backend\node_modules\tedious\lib\connection.js:959:18)
    at RequestTokenHandler.onErrorMessage (D:\Grad Project Lai\Grad Project\JOSWE\backend\node_modules\tedious\lib\token\handler.js:285:21)
    at Readable.<anonymous> (D:\Grad Project Lai\Grad Project\JOSWE\backend\node_modules\tedious\lib\token\token-stream-parser.js:18:33)
    at Readable.emit (node:events:509:28)
    at addChunk (node:internal/streams/readable:563:12)
    at readableAddChunkPushObjectMode (node:internal/streams/readable:540:3)
    at Readable.push (node:internal/streams/readable:395:5)
    at nextAsync (node:internal/streams/from:205:22)
    at process.processTicksAndRejections (node:internal/process/task_queues:104:5)
2026-06-07 03:14:44 [ERROR]: RequestError: Invalid object name 'users'.
    at handleError (D:\Grad Project Lai\Grad Project\JOSWE\backend\node_modules\mssql\lib\tedious\request.js:384:15)
    at Connection.emit (node:events:509:28)
    at Connection.emit (D:\Grad Project Lai\Grad Project\JOSWE\backend\node_modules\tedious\lib\connection.js:959:18)
    at RequestTokenHandler.onErrorMessage (D:\Grad Project Lai\Grad Project\JOSWE\backend\node_modules\tedious\lib\token\handler.js:285:21)
    at Readable.<anonymous> (D:\Grad Project Lai\Grad Project\JOSWE\backend\node_modules\tedious\lib\token\token-stream-parser.js:18:33)
    at Readable.emit (node:events:509:28)
    at addChunk (node:internal/streams/readable:563:12)
    at readableAddChunkPushObjectMode (node:internal/streams/readable:540:3)
    at Readable.push (node:internal/streams/readable:395:5)
    at nextAsync (node:internal/streams/from:205:22)
    at process.processTicksAndRejections (node:internal/process/task_queues:104:5)
2026-06-07 03:14:44 [ERROR]: RequestError: Invalid object name 'users'.
    at handleError (D:\Grad Project Lai\Grad Project\JOSWE\backend\node_modules\mssql\lib\tedious\request.js:384:15)
    at Connection.emit (node:events:509:28)
    at Connection.emit (D:\Grad Project Lai\Grad Project\JOSWE\backend\node_modules\tedious\lib\connection.js:959:18)
    at RequestTokenHandler.onErrorMessage (D:\Grad Project Lai\Grad Project\JOSWE\backend\node_modules\tedious\lib\token\handler.js:285:21)
    at Readable.<anonymous> (D:\Grad Project Lai\Grad Project\JOSWE\backend\node_modules\tedious\lib\token\token-stream-parser.js:18:33)
    at Readable.emit (node:events:509:28)
    at addChunk (node:internal/streams/readable:563:12)
    at readableAddChunkPushObjectMode (node:internal/streams/readable:540:3)
    at Readable.push (node:internal/streams/readable:395:5)
    at nextAsync (node:internal/streams/from:205:22)
    at process.processTicksAndRejections (node:internal/process/task_queues:104:5)
2026-06-07 03:14:44 [ERROR]: RequestError: Invalid object name 'users'.
    at handleError (D:\Grad Project Lai\Grad Project\JOSWE\backend\node_modules\mssql\lib\tedious\request.js:384:15)
    at Connection.emit (node:events:509:28)
    at Connection.emit (D:\Grad Project Lai\Grad Project\JOSWE\backend\node_modules\tedious\lib\connection.js:959:18)
    at RequestTokenHandler.onErrorMessage (D:\Grad Project Lai\Grad Project\JOSWE\backend\node_modules\tedious\lib\token\handler.js:285:21)
    at Readable.<anonymous> (D:\Grad Project Lai\Grad Project\JOSWE\backend\node_modules\tedious\lib\token\token-stream-parser.js:18:33)
    at Readable.emit (node:events:509:28)
    at addChunk (node:internal/streams/readable:563:12)
    at readableAddChunkPushObjectMode (node:internal/streams/readable:540:3)
    at Readable.push (node:internal/streams/readable:395:5)
    at nextAsync (node:internal/streams/from:205:22)
    at process.processTicksAndRejections (node:internal/process/task_queues:104:5)
2026-06-07 03:14:44 [ERROR]: RequestError: Invalid object name 'users'.
    at handleError (D:\Grad Project Lai\Grad Project\JOSWE\backend\node_modules\mssql\lib\tedious\request.js:384:15)
    at Connection.emit (node:events:509:28)
    at Connection.emit (D:\Grad Project Lai\Grad Project\JOSWE\backend\node_modules\tedious\lib\connection.js:959:18)
    at RequestTokenHandler.onErrorMessage (D:\Grad Project Lai\Grad Project\JOSWE\backend\node_modules\tedious\lib\token\handler.js:285:21)
    at Readable.<anonymous> (D:\Grad Project Lai\Grad Project\JOSWE\backend\node_modules\tedious\lib\token\token-stream-parser.js:18:33)
    at Readable.emit (node:events:509:28)
    at addChunk (node:internal/streams/readable:563:12)
    at readableAddChunkPushObjectMode (node:internal/streams/readable:540:3)
    at Readable.push (node:internal/streams/readable:395:5)
    at nextAsync (node:internal/streams/from:205:22)
    at process.processTicksAndRejections (node:internal/process/task_queues:104:5)
2026-06-07 03:14:45 [ERROR]: RequestError: Invalid object name 'users'.
    at handleError (D:\Grad Project Lai\Grad Project\JOSWE\backend\node_modules\mssql\lib\tedious\request.js:384:15)
    at Connection.emit (node:events:509:28)
    at Connection.emit (D:\Grad Project Lai\Grad Project\JOSWE\backend\node_modules\tedious\lib\connection.js:959:18)
    at RequestTokenHandler.onErrorMessage (D:\Grad Project Lai\Grad Project\JOSWE\backend\node_modules\tedious\lib\token\handler.js:285:21)
    at Readable.<anonymous> (D:\Grad Project Lai\Grad Project\JOSWE\backend\node_modules\tedious\lib\token\token-stream-parser.js:18:33)
    at Readable.emit (node:events:509:28)
    at addChunk (node:internal/streams/readable:563:12)
    at readableAddChunkPushObjectMode (node:internal/streams/readable:540:3)
    at Readable.push (node:internal/streams/readable:395:5)
    at nextAsync (node:internal/streams/from:205:22)
    at process.processTicksAndRejections (node:internal/process/task_queues:104:5)
2026-06-07 11:57:44 [ERROR]: RequestError: Invalid object name 'users'.
    at handleError (D:\Grad Project Lai\Grad Project\JOSWE\backend\node_modules\mssql\lib\tedious\request.js:384:15)
    at Connection.emit (node:events:509:28)
    at Connection.emit (D:\Grad Project Lai\Grad Project\JOSWE\backend\node_modules\tedious\lib\connection.js:959:18)
    at RequestTokenHandler.onErrorMessage (D:\Grad Project Lai\Grad Project\JOSWE\backend\node_modules\tedious\lib\token\handler.js:285:21)
    at Readable.<anonymous> (D:\Grad Project Lai\Grad Project\JOSWE\backend\node_modules\tedious\lib\token\token-stream-parser.js:18:33)
    at Readable.emit (node:events:509:28)
    at addChunk (node:internal/streams/readable:563:12)
    at readableAddChunkPushObjectMode (node:internal/streams/readable:540:3)
    at Readable.push (node:internal/streams/readable:395:5)
    at nextAsync (node:internal/streams/from:205:22)
    at process.processTicksAndRejections (node:internal/process/task_queues:104:5)
2026-06-07 11:57:44 [ERROR]: RequestError: Invalid object name 'users'.
    at handleError (D:\Grad Project Lai\Grad Project\JOSWE\backend\node_modules\mssql\lib\tedious\request.js:384:15)
    at Connection.emit (node:events:509:28)
    at Connection.emit (D:\Grad Project Lai\Grad Project\JOSWE\backend\node_modules\tedious\lib\connection.js:959:18)
    at RequestTokenHandler.onErrorMessage (D:\Grad Project Lai\Grad Project\JOSWE\backend\node_modules\tedious\lib\token\handler.js:285:21)
    at Readable.<anonymous> (D:\Grad Project Lai\Grad Project\JOSWE\backend\node_modules\tedious\lib\token\token-stream-parser.js:18:33)
    at Readable.emit (node:events:509:28)
    at addChunk (node:internal/streams/readable:563:12)
    at readableAddChunkPushObjectMode (node:internal/streams/readable:540:3)
    at Readable.push (node:internal/streams/readable:395:5)
    at nextAsync (node:internal/streams/from:205:22)
    at process.processTicksAndRejections (node:internal/process/task_queues:104:5)
2026-06-07 11:57:44 [ERROR]: RequestError: Invalid object name 'users'.
    at handleError (D:\Grad Project Lai\Grad Project\JOSWE\backend\node_modules\mssql\lib\tedious\request.js:384:15)
    at Connection.emit (node:events:509:28)
    at Connection.emit (D:\Grad Project Lai\Grad Project\JOSWE\backend\node_modules\tedious\lib\connection.js:959:18)
    at RequestTokenHandler.onErrorMessage (D:\Grad Project Lai\Grad Project\JOSWE\backend\node_modules\tedious\lib\token\handler.js:285:21)
    at Readable.<anonymous> (D:\Grad Project Lai\Grad Project\JOSWE\backend\node_modules\tedious\lib\token\token-stream-parser.js:18:33)
    at Readable.emit (node:events:509:28)
    at addChunk (node:internal/streams/readable:563:12)
    at readableAddChunkPushObjectMode (node:internal/streams/readable:540:3)
    at Readable.push (node:internal/streams/readable:395:5)
    at nextAsync (node:internal/streams/from:205:22)
    at process.processTicksAndRejections (node:internal/process/task_queues:104:5)
2026-06-07 13:07:05 [ERROR]: RequestError: Invalid object name 'users'.
    at handleError (D:\Grad Project Lai\Grad Project\JOSWE\backend\node_modules\mssql\lib\tedious\request.js:384:15)
    at Connection.emit (node:events:509:28)
    at Connection.emit (D:\Grad Project Lai\Grad Project\JOSWE\backend\node_modules\tedious\lib\connection.js:959:18)
    at RequestTokenHandler.onErrorMessage (D:\Grad Project Lai\Grad Project\JOSWE\backend\node_modules\tedious\lib\token\handler.js:285:21)
    at Readable.<anonymous> (D:\Grad Project Lai\Grad Project\JOSWE\backend\node_modules\tedious\lib\token\token-stream-parser.js:18:33)
    at Readable.emit (node:events:509:28)
    at addChunk (node:internal/streams/readable:563:12)
    at readableAddChunkPushObjectMode (node:internal/streams/readable:540:3)
    at Readable.push (node:internal/streams/readable:395:5)
    at nextAsync (node:internal/streams/from:205:22)
    at process.processTicksAndRejections (node:internal/process/task_queues:104:5)
2026-06-07 13:07:05 [ERROR]: RequestError: Invalid object name 'users'.
    at handleError (D:\Grad Project Lai\Grad Project\JOSWE\backend\node_modules\mssql\lib\tedious\request.js:384:15)
    at Connection.emit (node:events:509:28)
    at Connection.emit (D:\Grad Project Lai\Grad Project\JOSWE\backend\node_modules\tedious\lib\connection.js:959:18)
    at RequestTokenHandler.onErrorMessage (D:\Grad Project Lai\Grad Project\JOSWE\backend\node_modules\tedious\lib\token\handler.js:285:21)
    at Readable.<anonymous> (D:\Grad Project Lai\Grad Project\JOSWE\backend\node_modules\tedious\lib\token\token-stream-parser.js:18:33)
    at Readable.emit (node:events:509:28)
    at addChunk (node:internal/streams/readable:563:12)
    at readableAddChunkPushObjectMode (node:internal/streams/readable:540:3)
    at Readable.push (node:internal/streams/readable:395:5)
    at nextAsync (node:internal/streams/from:205:22)
    at process.processTicksAndRejections (node:internal/process/task_queues:104:5)
2026-06-07 13:07:05 [ERROR]: RequestError: Invalid object name 'users'.
    at handleError (D:\Grad Project Lai\Grad Project\JOSWE\backend\node_modules\mssql\lib\tedious\request.js:384:15)
    at Connection.emit (node:events:509:28)
    at Connection.emit (D:\Grad Project Lai\Grad Project\JOSWE\backend\node_modules\tedious\lib\connection.js:959:18)
    at RequestTokenHandler.onErrorMessage (D:\Grad Project Lai\Grad Project\JOSWE\backend\node_modules\tedious\lib\token\handler.js:285:21)
    at Readable.<anonymous> (D:\Grad Project Lai\Grad Project\JOSWE\backend\node_modules\tedious\lib\token\token-stream-parser.js:18:33)
    at Readable.emit (node:events:509:28)
    at addChunk (node:internal/streams/readable:563:12)
    at readableAddChunkPushObjectMode (node:internal/streams/readable:540:3)
    at Readable.push (node:internal/streams/readable:395:5)
    at nextAsync (node:internal/streams/from:205:22)
    at process.processTicksAndRejections (node:internal/process/task_queues:104:5)
2026-06-07 13:07:05 [ERROR]: RequestError: Invalid object name 'users'.
    at handleError (D:\Grad Project Lai\Grad Project\JOSWE\backend\node_modules\mssql\lib\tedious\request.js:384:15)
    at Connection.emit (node:events:509:28)
    at Connection.emit (D:\Grad Project Lai\Grad Project\JOSWE\backend\node_modules\tedious\lib\connection.js:959:18)
    at RequestTokenHandler.onErrorMessage (D:\Grad Project Lai\Grad Project\JOSWE\backend\node_modules\tedious\lib\token\handler.js:285:21)
    at Readable.<anonymous> (D:\Grad Project Lai\Grad Project\JOSWE\backend\node_modules\tedious\lib\token\token-stream-parser.js:18:33)
    at Readable.emit (node:events:509:28)
    at addChunk (node:internal/streams/readable:563:12)
    at readableAddChunkPushObjectMode (node:internal/streams/readable:540:3)
    at Readable.push (node:internal/streams/readable:395:5)
    at nextAsync (node:internal/streams/from:205:22)
    at process.processTicksAndRejections (node:internal/process/task_queues:104:5)
2026-06-07 13:07:43 [ERROR]: RequestError: Invalid object name 'users'.
    at handleError (D:\Grad Project Lai\Grad Project\JOSWE\backend\node_modules\mssql\lib\tedious\request.js:384:15)
    at Connection.emit (node:events:509:28)
    at Connection.emit (D:\Grad Project Lai\Grad Project\JOSWE\backend\node_modules\tedious\lib\connection.js:959:18)
    at RequestTokenHandler.onErrorMessage (D:\Grad Project Lai\Grad Project\JOSWE\backend\node_modules\tedious\lib\token\handler.js:285:21)
    at Readable.<anonymous> (D:\Grad Project Lai\Grad Project\JOSWE\backend\node_modules\tedious\lib\token\token-stream-parser.js:18:33)
    at Readable.emit (node:events:509:28)
    at addChunk (node:internal/streams/readable:563:12)
    at readableAddChunkPushObjectMode (node:internal/streams/readable:540:3)
    at Readable.push (node:internal/streams/readable:395:5)
    at nextAsync (node:internal/streams/from:205:22)
    at process.processTicksAndRejections (node:internal/process/task_queues:104:5)
2026-06-07 13:07:43 [ERROR]: RequestError: Invalid object name 'users'.
    at handleError (D:\Grad Project Lai\Grad Project\JOSWE\backend\node_modules\mssql\lib\tedious\request.js:384:15)
    at Connection.emit (node:events:509:28)
    at Connection.emit (D:\Grad Project Lai\Grad Project\JOSWE\backend\node_modules\tedious\lib\connection.js:959:18)
    at RequestTokenHandler.onErrorMessage (D:\Grad Project Lai\Grad Project\JOSWE\backend\node_modules\tedious\lib\token\handler.js:285:21)
    at Readable.<anonymous> (D:\Grad Project Lai\Grad Project\JOSWE\backend\node_modules\tedious\lib\token\token-stream-parser.js:18:33)
    at Readable.emit (node:events:509:28)
    at addChunk (node:internal/streams/readable:563:12)
    at readableAddChunkPushObjectMode (node:internal/streams/readable:540:3)
    at Readable.push (node:internal/streams/readable:395:5)
    at nextAsync (node:internal/streams/from:205:22)
    at process.processTicksAndRejections (node:internal/process/task_queues:104:5)
2026-06-07 13:07:43 [ERROR]: RequestError: Invalid object name 'users'.
    at handleError (D:\Grad Project Lai\Grad Project\JOSWE\backend\node_modules\mssql\lib\tedious\request.js:384:15)
    at Connection.emit (node:events:509:28)
    at Connection.emit (D:\Grad Project Lai\Grad Project\JOSWE\backend\node_modules\tedious\lib\connection.js:959:18)
    at RequestTokenHandler.onErrorMessage (D:\Grad Project Lai\Grad Project\JOSWE\backend\node_modules\tedious\lib\token\handler.js:285:21)
    at Readable.<anonymous> (D:\Grad Project Lai\Grad Project\JOSWE\backend\node_modules\tedious\lib\token\token-stream-parser.js:18:33)
    at Readable.emit (node:events:509:28)
    at addChunk (node:internal/streams/readable:563:12)
    at readableAddChunkPushObjectMode (node:internal/streams/readable:540:3)
    at Readable.push (node:internal/streams/readable:395:5)
    at nextAsync (node:internal/streams/from:205:22)
    at process.processTicksAndRejections (node:internal/process/task_queues:104:5)
2026-06-07 13:07:43 [ERROR]: RequestError: Invalid object name 'users'.
    at handleError (D:\Grad Project Lai\Grad Project\JOSWE\backend\node_modules\mssql\lib\tedious\request.js:384:15)
    at Connection.emit (node:events:509:28)
    at Connection.emit (D:\Grad Project Lai\Grad Project\JOSWE\backend\node_modules\tedious\lib\connection.js:959:18)
    at RequestTokenHandler.onErrorMessage (D:\Grad Project Lai\Grad Project\JOSWE\backend\node_modules\tedious\lib\token\handler.js:285:21)
    at Readable.<anonymous> (D:\Grad Project Lai\Grad Project\JOSWE\backend\node_modules\tedious\lib\token\token-stream-parser.js:18:33)
    at Readable.emit (node:events:509:28)
    at addChunk (node:internal/streams/readable:563:12)
    at readableAddChunkPushObjectMode (node:internal/streams/readable:540:3)
    at Readable.push (node:internal/streams/readable:395:5)
    at nextAsync (node:internal/streams/from:205:22)
    at process.processTicksAndRejections (node:internal/process/task_queues:104:5)
2026-06-07 13:08:07 [ERROR]: RequestError: Invalid object name 'users'.
    at handleError (D:\Grad Project Lai\Grad Project\JOSWE\backend\node_modules\mssql\lib\tedious\request.js:384:15)
    at Connection.emit (node:events:509:28)
    at Connection.emit (D:\Grad Project Lai\Grad Project\JOSWE\backend\node_modules\tedious\lib\connection.js:959:18)
    at RequestTokenHandler.onErrorMessage (D:\Grad Project Lai\Grad Project\JOSWE\backend\node_modules\tedious\lib\token\handler.js:285:21)
    at Readable.<anonymous> (D:\Grad Project Lai\Grad Project\JOSWE\backend\node_modules\tedious\lib\token\token-stream-parser.js:18:33)
    at Readable.emit (node:events:509:28)
    at addChunk (node:internal/streams/readable:563:12)
    at readableAddChunkPushObjectMode (node:internal/streams/readable:540:3)
    at Readable.push (node:internal/streams/readable:395:5)
    at nextAsync (node:internal/streams/from:205:22)
    at process.processTicksAndRejections (node:internal/process/task_queues:104:5)
2026-06-07 13:08:07 [ERROR]: RequestError: Invalid object name 'users'.
    at handleError (D:\Grad Project Lai\Grad Project\JOSWE\backend\node_modules\mssql\lib\tedious\request.js:384:15)
    at Connection.emit (node:events:509:28)
    at Connection.emit (D:\Grad Project Lai\Grad Project\JOSWE\backend\node_modules\tedious\lib\connection.js:959:18)
    at RequestTokenHandler.onErrorMessage (D:\Grad Project Lai\Grad Project\JOSWE\backend\node_modules\tedious\lib\token\handler.js:285:21)
    at Readable.<anonymous> (D:\Grad Project Lai\Grad Project\JOSWE\backend\node_modules\tedious\lib\token\token-stream-parser.js:18:33)
    at Readable.emit (node:events:509:28)
    at addChunk (node:internal/streams/readable:563:12)
    at readableAddChunkPushObjectMode (node:internal/streams/readable:540:3)
    at Readable.push (node:internal/streams/readable:395:5)
    at nextAsync (node:internal/streams/from:205:22)
    at process.processTicksAndRejections (node:internal/process/task_queues:104:5)
2026-06-07 13:44:18 [ERROR]: RequestError: Invalid object name 'users'.
    at handleError (D:\Grad Project Lai\Grad Project\JOSWE\backend\node_modules\mssql\lib\tedious\request.js:384:15)
    at Connection.emit (node:events:509:28)
    at Connection.emit (D:\Grad Project Lai\Grad Project\JOSWE\backend\node_modules\tedious\lib\connection.js:959:18)
    at RequestTokenHandler.onErrorMessage (D:\Grad Project Lai\Grad Project\JOSWE\backend\node_modules\tedious\lib\token\handler.js:285:21)
    at Readable.<anonymous> (D:\Grad Project Lai\Grad Project\JOSWE\backend\node_modules\tedious\lib\token\token-stream-parser.js:18:33)
    at Readable.emit (node:events:509:28)
    at addChunk (node:internal/streams/readable:563:12)
    at readableAddChunkPushObjectMode (node:internal/streams/readable:540:3)
    at Readable.push (node:internal/streams/readable:395:5)
    at nextAsync (node:internal/streams/from:205:22)
    at process.processTicksAndRejections (node:internal/process/task_queues:104:5)
2026-06-07 13:44:18 [ERROR]: RequestError: Invalid object name 'users'.
    at handleError (D:\Grad Project Lai\Grad Project\JOSWE\backend\node_modules\mssql\lib\tedious\request.js:384:15)
    at Connection.emit (node:events:509:28)
    at Connection.emit (D:\Grad Project Lai\Grad Project\JOSWE\backend\node_modules\tedious\lib\connection.js:959:18)
    at RequestTokenHandler.onErrorMessage (D:\Grad Project Lai\Grad Project\JOSWE\backend\node_modules\tedious\lib\token\handler.js:285:21)
    at Readable.<anonymous> (D:\Grad Project Lai\Grad Project\JOSWE\backend\node_modules\tedious\lib\token\token-stream-parser.js:18:33)
    at Readable.emit (node:events:509:28)
    at addChunk (node:internal/streams/readable:563:12)
    at readableAddChunkPushObjectMode (node:internal/streams/readable:540:3)
    at Readable.push (node:internal/streams/readable:395:5)
    at nextAsync (node:internal/streams/from:205:22)
    at process.processTicksAndRejections (node:internal/process/task_queues:104:5)
2026-06-07 13:44:18 [ERROR]: RequestError: Invalid object name 'users'.
    at handleError (D:\Grad Project Lai\Grad Project\JOSWE\backend\node_modules\mssql\lib\tedious\request.js:384:15)
    at Connection.emit (node:events:509:28)
    at Connection.emit (D:\Grad Project Lai\Grad Project\JOSWE\backend\node_modules\tedious\lib\connection.js:959:18)
    at RequestTokenHandler.onErrorMessage (D:\Grad Project Lai\Grad Project\JOSWE\backend\node_modules\tedious\lib\token\handler.js:285:21)
    at Readable.<anonymous> (D:\Grad Project Lai\Grad Project\JOSWE\backend\node_modules\tedious\lib\token\token-stream-parser.js:18:33)
    at Readable.emit (node:events:509:28)
    at addChunk (node:internal/streams/readable:563:12)
    at readableAddChunkPushObjectMode (node:internal/streams/readable:540:3)
    at Readable.push (node:internal/streams/readable:395:5)
    at nextAsync (node:internal/streams/from:205:22)
    at process.processTicksAndRejections (node:internal/process/task_queues:104:5)
2026-06-07 13:44:18 [ERROR]: RequestError: Invalid object name 'users'.
    at handleError (D:\Grad Project Lai\Grad Project\JOSWE\backend\node_modules\mssql\lib\tedious\request.js:384:15)
    at Connection.emit (node:events:509:28)
    at Connection.emit (D:\Grad Project Lai\Grad Project\JOSWE\backend\node_modules\tedious\lib\connection.js:959:18)
    at RequestTokenHandler.onErrorMessage (D:\Grad Project Lai\Grad Project\JOSWE\backend\node_modules\tedious\lib\token\handler.js:285:21)
    at Readable.<anonymous> (D:\Grad Project Lai\Grad Project\JOSWE\backend\node_modules\tedious\lib\token\token-stream-parser.js:18:33)
    at Readable.emit (node:events:509:28)
    at addChunk (node:internal/streams/readable:563:12)
    at readableAddChunkPushObjectMode (node:internal/streams/readable:540:3)
    at Readable.push (node:internal/streams/readable:395:5)
    at nextAsync (node:internal/streams/from:205:22)
    at process.processTicksAndRejections (node:internal/process/task_queues:104:5)
2026-06-07 13:44:30 [ERROR]: RequestError: Invalid object name 'users'.
    at handleError (D:\Grad Project Lai\Grad Project\JOSWE\backend\node_modules\mssql\lib\tedious\request.js:384:15)
    at Connection.emit (node:events:509:28)
    at Connection.emit (D:\Grad Project Lai\Grad Project\JOSWE\backend\node_modules\tedious\lib\connection.js:959:18)
    at RequestTokenHandler.onErrorMessage (D:\Grad Project Lai\Grad Project\JOSWE\backend\node_modules\tedious\lib\token\handler.js:285:21)
    at Readable.<anonymous> (D:\Grad Project Lai\Grad Project\JOSWE\backend\node_modules\tedious\lib\token\token-stream-parser.js:18:33)
    at Readable.emit (node:events:509:28)
    at addChunk (node:internal/streams/readable:563:12)
    at readableAddChunkPushObjectMode (node:internal/streams/readable:540:3)
    at Readable.push (node:internal/streams/readable:395:5)
    at nextAsync (node:internal/streams/from:205:22)
    at process.processTicksAndRejections (node:internal/process/task_queues:104:5)
2026-06-07 13:44:30 [ERROR]: RequestError: Invalid object name 'users'.
    at handleError (D:\Grad Project Lai\Grad Project\JOSWE\backend\node_modules\mssql\lib\tedious\request.js:384:15)
    at Connection.emit (node:events:509:28)
    at Connection.emit (D:\Grad Project Lai\Grad Project\JOSWE\backend\node_modules\tedious\lib\connection.js:959:18)
    at RequestTokenHandler.onErrorMessage (D:\Grad Project Lai\Grad Project\JOSWE\backend\node_modules\tedious\lib\token\handler.js:285:21)
    at Readable.<anonymous> (D:\Grad Project Lai\Grad Project\JOSWE\backend\node_modules\tedious\lib\token\token-stream-parser.js:18:33)
    at Readable.emit (node:events:509:28)
    at addChunk (node:internal/streams/readable:563:12)
    at readableAddChunkPushObjectMode (node:internal/streams/readable:540:3)
    at Readable.push (node:internal/streams/readable:395:5)
    at nextAsync (node:internal/streams/from:205:22)
    at process.processTicksAndRejections (node:internal/process/task_queues:104:5)
2026-06-07 13:44:30 [ERROR]: RequestError: Invalid object name 'users'.
    at handleError (D:\Grad Project Lai\Grad Project\JOSWE\backend\node_modules\mssql\lib\tedious\request.js:384:15)
    at Connection.emit (node:events:509:28)
    at Connection.emit (D:\Grad Project Lai\Grad Project\JOSWE\backend\node_modules\tedious\lib\connection.js:959:18)
    at RequestTokenHandler.onErrorMessage (D:\Grad Project Lai\Grad Project\JOSWE\backend\node_modules\tedious\lib\token\handler.js:285:21)
    at Readable.<anonymous> (D:\Grad Project Lai\Grad Project\JOSWE\backend\node_modules\tedious\lib\token\token-stream-parser.js:18:33)
    at Readable.emit (node:events:509:28)
    at addChunk (node:internal/streams/readable:563:12)
    at readableAddChunkPushObjectMode (node:internal/streams/readable:540:3)
    at Readable.push (node:internal/streams/readable:395:5)
    at nextAsync (node:internal/streams/from:205:22)
    at process.processTicksAndRejections (node:internal/process/task_queues:104:5)
2026-06-07 13:44:30 [ERROR]: RequestError: Invalid object name 'users'.
    at handleError (D:\Grad Project Lai\Grad Project\JOSWE\backend\node_modules\mssql\lib\tedious\request.js:384:15)
    at Connection.emit (node:events:509:28)
    at Connection.emit (D:\Grad Project Lai\Grad Project\JOSWE\backend\node_modules\tedious\lib\connection.js:959:18)
    at RequestTokenHandler.onErrorMessage (D:\Grad Project Lai\Grad Project\JOSWE\backend\node_modules\tedious\lib\token\handler.js:285:21)
    at Readable.<anonymous> (D:\Grad Project Lai\Grad Project\JOSWE\backend\node_modules\tedious\lib\token\token-stream-parser.js:18:33)
    at Readable.emit (node:events:509:28)
    at addChunk (node:internal/streams/readable:563:12)
    at readableAddChunkPushObjectMode (node:internal/streams/readable:540:3)
    at Readable.push (node:internal/streams/readable:395:5)
    at nextAsync (node:internal/streams/from:205:22)
    at process.processTicksAndRejections (node:internal/process/task_queues:104:5)
2026-06-07 13:45:13 [ERROR]: RequestError: Invalid object name 'users'.
    at handleError (D:\Grad Project Lai\Grad Project\JOSWE\backend\node_modules\mssql\lib\tedious\request.js:384:15)
    at Connection.emit (node:events:509:28)
    at Connection.emit (D:\Grad Project Lai\Grad Project\JOSWE\backend\node_modules\tedious\lib\connection.js:959:18)
    at RequestTokenHandler.onErrorMessage (D:\Grad Project Lai\Grad Project\JOSWE\backend\node_modules\tedious\lib\token\handler.js:285:21)
    at Readable.<anonymous> (D:\Grad Project Lai\Grad Project\JOSWE\backend\node_modules\tedious\lib\token\token-stream-parser.js:18:33)
    at Readable.emit (node:events:509:28)
    at addChunk (node:internal/streams/readable:563:12)
    at readableAddChunkPushObjectMode (node:internal/streams/readable:540:3)
    at Readable.push (node:internal/streams/readable:395:5)
    at nextAsync (node:internal/streams/from:205:22)
    at process.processTicksAndRejections (node:internal/process/task_queues:104:5)
2026-06-07 13:45:13 [ERROR]: RequestError: Invalid object name 'users'.
    at handleError (D:\Grad Project Lai\Grad Project\JOSWE\backend\node_modules\mssql\lib\tedious\request.js:384:15)
    at Connection.emit (node:events:509:28)
    at Connection.emit (D:\Grad Project Lai\Grad Project\JOSWE\backend\node_modules\tedious\lib\connection.js:959:18)
    at RequestTokenHandler.onErrorMessage (D:\Grad Project Lai\Grad Project\JOSWE\backend\node_modules\tedious\lib\token\handler.js:285:21)
    at Readable.<anonymous> (D:\Grad Project Lai\Grad Project\JOSWE\backend\node_modules\tedious\lib\token\token-stream-parser.js:18:33)
    at Readable.emit (node:events:509:28)
    at addChunk (node:internal/streams/readable:563:12)
    at readableAddChunkPushObjectMode (node:internal/streams/readable:540:3)
    at Readable.push (node:internal/streams/readable:395:5)
    at nextAsync (node:internal/streams/from:205:22)
    at process.processTicksAndRejections (node:internal/process/task_queues:104:5)
2026-06-07 15:21:30 [ERROR]: RequestError: Invalid object name 'users'.
    at handleError (D:\Grad Project Lai\Grad Project\JOSWE\backend\node_modules\mssql\lib\tedious\request.js:384:15)
    at Connection.emit (node:events:509:28)
    at Connection.emit (D:\Grad Project Lai\Grad Project\JOSWE\backend\node_modules\tedious\lib\connection.js:959:18)
    at RequestTokenHandler.onErrorMessage (D:\Grad Project Lai\Grad Project\JOSWE\backend\node_modules\tedious\lib\token\handler.js:285:21)
    at Readable.<anonymous> (D:\Grad Project Lai\Grad Project\JOSWE\backend\node_modules\tedious\lib\token\token-stream-parser.js:18:33)
    at Readable.emit (node:events:509:28)
    at addChunk (node:internal/streams/readable:563:12)
    at readableAddChunkPushObjectMode (node:internal/streams/readable:540:3)
    at Readable.push (node:internal/streams/readable:395:5)
    at nextAsync (node:internal/streams/from:205:22)
    at process.processTicksAndRejections (node:internal/process/task_queues:104:5)
2026-06-07 15:25:52 [ERROR]: RequestError: Invalid object name 'users'.
    at handleError (D:\Grad Project Lai\Grad Project\JOSWE\backend\node_modules\mssql\lib\tedious\request.js:384:15)
    at Connection.emit (node:events:509:28)
    at Connection.emit (D:\Grad Project Lai\Grad Project\JOSWE\backend\node_modules\tedious\lib\connection.js:959:18)
    at RequestTokenHandler.onErrorMessage (D:\Grad Project Lai\Grad Project\JOSWE\backend\node_modules\tedious\lib\token\handler.js:285:21)
    at Readable.<anonymous> (D:\Grad Project Lai\Grad Project\JOSWE\backend\node_modules\tedious\lib\token\token-stream-parser.js:18:33)
    at Readable.emit (node:events:509:28)
    at addChunk (node:internal/streams/readable:563:12)
    at readableAddChunkPushObjectMode (node:internal/streams/readable:540:3)
    at Readable.push (node:internal/streams/readable:395:5)
    at nextAsync (node:internal/streams/from:205:22)
    at process.processTicksAndRejections (node:internal/process/task_queues:104:5)
2026-06-07 15:27:41 [ERROR]: RequestError: Invalid object name 'users'.
    at handleError (D:\Grad Project Lai\Grad Project\JOSWE\backend\node_modules\mssql\lib\tedious\request.js:384:15)
    at Connection.emit (node:events:509:28)
    at Connection.emit (D:\Grad Project Lai\Grad Project\JOSWE\backend\node_modules\tedious\lib\connection.js:959:18)
    at RequestTokenHandler.onErrorMessage (D:\Grad Project Lai\Grad Project\JOSWE\backend\node_modules\tedious\lib\token\handler.js:285:21)
    at Readable.<anonymous> (D:\Grad Project Lai\Grad Project\JOSWE\backend\node_modules\tedious\lib\token\token-stream-parser.js:18:33)
    at Readable.emit (node:events:509:28)
    at addChunk (node:internal/streams/readable:563:12)
    at readableAddChunkPushObjectMode (node:internal/streams/readable:540:3)
    at Readable.push (node:internal/streams/readable:395:5)
    at nextAsync (node:internal/streams/from:205:22)
    at process.processTicksAndRejections (node:internal/process/task_queues:104:5)
2026-06-07 15:31:03 [ERROR]: RequestError: Invalid object name 'users'.
    at handleError (D:\Grad Project Lai\Grad Project\JOSWE\backend\node_modules\mssql\lib\tedious\request.js:384:15)
    at Connection.emit (node:events:509:28)
    at Connection.emit (D:\Grad Project Lai\Grad Project\JOSWE\backend\node_modules\tedious\lib\connection.js:959:18)
    at RequestTokenHandler.onErrorMessage (D:\Grad Project Lai\Grad Project\JOSWE\backend\node_modules\tedious\lib\token\handler.js:285:21)
    at Readable.<anonymous> (D:\Grad Project Lai\Grad Project\JOSWE\backend\node_modules\tedious\lib\token\token-stream-parser.js:18:33)
    at Readable.emit (node:events:509:28)
    at addChunk (node:internal/streams/readable:563:12)
    at readableAddChunkPushObjectMode (node:internal/streams/readable:540:3)
    at Readable.push (node:internal/streams/readable:395:5)
    at nextAsync (node:internal/streams/from:205:22)
    at process.processTicksAndRejections (node:internal/process/task_queues:104:5)
2026-06-07 15:47:21 [ERROR]: RequestError: Invalid object name 'users'.
    at handleError (D:\Grad Project Lai\Grad Project\JOSWE\backend\node_modules\mssql\lib\tedious\request.js:384:15)
    at Connection.emit (node:events:509:28)
    at Connection.emit (D:\Grad Project Lai\Grad Project\JOSWE\backend\node_modules\tedious\lib\connection.js:959:18)
    at RequestTokenHandler.onErrorMessage (D:\Grad Project Lai\Grad Project\JOSWE\backend\node_modules\tedious\lib\token\handler.js:285:21)
    at Readable.<anonymous> (D:\Grad Project Lai\Grad Project\JOSWE\backend\node_modules\tedious\lib\token\token-stream-parser.js:18:33)
    at Readable.emit (node:events:509:28)
    at addChunk (node:internal/streams/readable:563:12)
    at readableAddChunkPushObjectMode (node:internal/streams/readable:540:3)
    at Readable.push (node:internal/streams/readable:395:5)
    at nextAsync (node:internal/streams/from:205:22)
    at process.processTicksAndRejections (node:internal/process/task_queues:104:5)
2026-06-07 15:49:29 [ERROR]: RequestError: Invalid object name 'users'.
    at handleError (D:\Grad Project Lai\Grad Project\JOSWE\backend\node_modules\mssql\lib\tedious\request.js:384:15)
    at Connection.emit (node:events:509:28)
    at Connection.emit (D:\Grad Project Lai\Grad Project\JOSWE\backend\node_modules\tedious\lib\connection.js:959:18)
    at RequestTokenHandler.onErrorMessage (D:\Grad Project Lai\Grad Project\JOSWE\backend\node_modules\tedious\lib\token\handler.js:285:21)
    at Readable.<anonymous> (D:\Grad Project Lai\Grad Project\JOSWE\backend\node_modules\tedious\lib\token\token-stream-parser.js:18:33)
    at Readable.emit (node:events:509:28)
    at addChunk (node:internal/streams/readable:563:12)
    at readableAddChunkPushObjectMode (node:internal/streams/readable:540:3)
    at Readable.push (node:internal/streams/readable:395:5)
    at nextAsync (node:internal/streams/from:205:22)
    at process.processTicksAndRejections (node:internal/process/task_queues:104:5)
2026-06-07 15:51:55 [ERROR]: RequestError: Invalid object name 'users'.
    at handleError (D:\Grad Project Lai\Grad Project\JOSWE\backend\node_modules\mssql\lib\tedious\request.js:384:15)
    at Connection.emit (node:events:509:28)
    at Connection.emit (D:\Grad Project Lai\Grad Project\JOSWE\backend\node_modules\tedious\lib\connection.js:959:18)
    at RequestTokenHandler.onErrorMessage (D:\Grad Project Lai\Grad Project\JOSWE\backend\node_modules\tedious\lib\token\handler.js:285:21)
    at Readable.<anonymous> (D:\Grad Project Lai\Grad Project\JOSWE\backend\node_modules\tedious\lib\token\token-stream-parser.js:18:33)
    at Readable.emit (node:events:509:28)
    at addChunk (node:internal/streams/readable:563:12)
    at readableAddChunkPushObjectMode (node:internal/streams/readable:540:3)
    at Readable.push (node:internal/streams/readable:395:5)
    at nextAsync (node:internal/streams/from:205:22)
    at process.processTicksAndRejections (node:internal/process/task_queues:104:5)
2026-06-07 15:52:04 [ERROR]: RequestError: Invalid object name 'users'.
    at handleError (D:\Grad Project Lai\Grad Project\JOSWE\backend\node_modules\mssql\lib\tedious\request.js:384:15)
    at Connection.emit (node:events:509:28)
    at Connection.emit (D:\Grad Project Lai\Grad Project\JOSWE\backend\node_modules\tedious\lib\connection.js:959:18)
    at RequestTokenHandler.onErrorMessage (D:\Grad Project Lai\Grad Project\JOSWE\backend\node_modules\tedious\lib\token\handler.js:285:21)
    at Readable.<anonymous> (D:\Grad Project Lai\Grad Project\JOSWE\backend\node_modules\tedious\lib\token\token-stream-parser.js:18:33)
    at Readable.emit (node:events:509:28)
    at addChunk (node:internal/streams/readable:563:12)
    at readableAddChunkPushObjectMode (node:internal/streams/readable:540:3)
    at Readable.push (node:internal/streams/readable:395:5)
    at nextAsync (node:internal/streams/from:205:22)
    at process.processTicksAndRejections (node:internal/process/task_queues:104:5)
2026-06-07 15:52:04 [ERROR]: RequestError: Invalid object name 'users'.
    at handleError (D:\Grad Project Lai\Grad Project\JOSWE\backend\node_modules\mssql\lib\tedious\request.js:384:15)
    at Connection.emit (node:events:509:28)
    at Connection.emit (D:\Grad Project Lai\Grad Project\JOSWE\backend\node_modules\tedious\lib\connection.js:959:18)
    at RequestTokenHandler.onErrorMessage (D:\Grad Project Lai\Grad Project\JOSWE\backend\node_modules\tedious\lib\token\handler.js:285:21)
    at Readable.<anonymous> (D:\Grad Project Lai\Grad Project\JOSWE\backend\node_modules\tedious\lib\token\token-stream-parser.js:18:33)
    at Readable.emit (node:events:509:28)
    at addChunk (node:internal/streams/readable:563:12)
    at readableAddChunkPushObjectMode (node:internal/streams/readable:540:3)
    at Readable.push (node:internal/streams/readable:395:5)
    at nextAsync (node:internal/streams/from:205:22)
    at process.processTicksAndRejections (node:internal/process/task_queues:104:5)
2026-06-07 15:52:05 [ERROR]: RequestError: Invalid object name 'users'.
    at handleError (D:\Grad Project Lai\Grad Project\JOSWE\backend\node_modules\mssql\lib\tedious\request.js:384:15)
    at Connection.emit (node:events:509:28)
    at Connection.emit (D:\Grad Project Lai\Grad Project\JOSWE\backend\node_modules\tedious\lib\connection.js:959:18)
    at RequestTokenHandler.onErrorMessage (D:\Grad Project Lai\Grad Project\JOSWE\backend\node_modules\tedious\lib\token\handler.js:285:21)
    at Readable.<anonymous> (D:\Grad Project Lai\Grad Project\JOSWE\backend\node_modules\tedious\lib\token\token-stream-parser.js:18:33)
    at Readable.emit (node:events:509:28)
    at addChunk (node:internal/streams/readable:563:12)
    at readableAddChunkPushObjectMode (node:internal/streams/readable:540:3)
    at Readable.push (node:internal/streams/readable:395:5)
    at nextAsync (node:internal/streams/from:205:22)
    at process.processTicksAndRejections (node:internal/process/task_queues:104:5)
2026-06-07 15:52:05 [ERROR]: RequestError: Invalid object name 'users'.
    at handleError (D:\Grad Project Lai\Grad Project\JOSWE\backend\node_modules\mssql\lib\tedious\request.js:384:15)
    at Connection.emit (node:events:509:28)
    at Connection.emit (D:\Grad Project Lai\Grad Project\JOSWE\backend\node_modules\tedious\lib\connection.js:959:18)
    at RequestTokenHandler.onErrorMessage (D:\Grad Project Lai\Grad Project\JOSWE\backend\node_modules\tedious\lib\token\handler.js:285:21)
    at Readable.<anonymous> (D:\Grad Project Lai\Grad Project\JOSWE\backend\node_modules\tedious\lib\token\token-stream-parser.js:18:33)
    at Readable.emit (node:events:509:28)
    at addChunk (node:internal/streams/readable:563:12)
    at readableAddChunkPushObjectMode (node:internal/streams/readable:540:3)
    at Readable.push (node:internal/streams/readable:395:5)
    at nextAsync (node:internal/streams/from:205:22)
    at process.processTicksAndRejections (node:internal/process/task_queues:104:5)
2026-06-07 15:52:06 [ERROR]: RequestError: Invalid object name 'users'.
    at handleError (D:\Grad Project Lai\Grad Project\JOSWE\backend\node_modules\mssql\lib\tedious\request.js:384:15)
    at Connection.emit (node:events:509:28)
    at Connection.emit (D:\Grad Project Lai\Grad Project\JOSWE\backend\node_modules\tedious\lib\connection.js:959:18)
    at RequestTokenHandler.onErrorMessage (D:\Grad Project Lai\Grad Project\JOSWE\backend\node_modules\tedious\lib\token\handler.js:285:21)
    at Readable.<anonymous> (D:\Grad Project Lai\Grad Project\JOSWE\backend\node_modules\tedious\lib\token\token-stream-parser.js:18:33)
    at Readable.emit (node:events:509:28)
    at addChunk (node:internal/streams/readable:563:12)
    at readableAddChunkPushObjectMode (node:internal/streams/readable:540:3)
    at Readable.push (node:internal/streams/readable:395:5)
    at nextAsync (node:internal/streams/from:205:22)
    at process.processTicksAndRejections (node:internal/process/task_queues:104:5)
2026-06-07 15:52:34 [ERROR]: RequestError: Invalid object name 'users'.
    at handleError (D:\Grad Project Lai\Grad Project\JOSWE\backend\node_modules\mssql\lib\tedious\request.js:384:15)
    at Connection.emit (node:events:509:28)
    at Connection.emit (D:\Grad Project Lai\Grad Project\JOSWE\backend\node_modules\tedious\lib\connection.js:959:18)
    at RequestTokenHandler.onErrorMessage (D:\Grad Project Lai\Grad Project\JOSWE\backend\node_modules\tedious\lib\token\handler.js:285:21)
    at Readable.<anonymous> (D:\Grad Project Lai\Grad Project\JOSWE\backend\node_modules\tedious\lib\token\token-stream-parser.js:18:33)
    at Readable.emit (node:events:509:28)
    at addChunk (node:internal/streams/readable:563:12)
    at readableAddChunkPushObjectMode (node:internal/streams/readable:540:3)
    at Readable.push (node:internal/streams/readable:395:5)
    at nextAsync (node:internal/streams/from:205:22)
    at process.processTicksAndRejections (node:internal/process/task_queues:104:5)
2026-06-07 15:52:42 [ERROR]: RequestError: Invalid object name 'users'.
    at handleError (D:\Grad Project Lai\Grad Project\JOSWE\backend\node_modules\mssql\lib\tedious\request.js:384:15)
    at Connection.emit (node:events:509:28)
    at Connection.emit (D:\Grad Project Lai\Grad Project\JOSWE\backend\node_modules\tedious\lib\connection.js:959:18)
    at RequestTokenHandler.onErrorMessage (D:\Grad Project Lai\Grad Project\JOSWE\backend\node_modules\tedious\lib\token\handler.js:285:21)
    at Readable.<anonymous> (D:\Grad Project Lai\Grad Project\JOSWE\backend\node_modules\tedious\lib\token\token-stream-parser.js:18:33)
    at Readable.emit (node:events:509:28)
    at addChunk (node:internal/streams/readable:563:12)
    at readableAddChunkPushObjectMode (node:internal/streams/readable:540:3)
    at Readable.push (node:internal/streams/readable:395:5)
    at nextAsync (node:internal/streams/from:205:22)
    at process.processTicksAndRejections (node:internal/process/task_queues:104:5)
2026-06-07 16:41:53 [ERROR]: RequestError: Invalid object name 'users'.
    at handleError (D:\Grad Project Lai\Grad Project\JOSWE\backend\node_modules\mssql\lib\tedious\request.js:384:15)
    at Connection.emit (node:events:509:28)
    at Connection.emit (D:\Grad Project Lai\Grad Project\JOSWE\backend\node_modules\tedious\lib\connection.js:959:18)
    at RequestTokenHandler.onErrorMessage (D:\Grad Project Lai\Grad Project\JOSWE\backend\node_modules\tedious\lib\token\handler.js:285:21)
    at Readable.<anonymous> (D:\Grad Project Lai\Grad Project\JOSWE\backend\node_modules\tedious\lib\token\token-stream-parser.js:18:33)
    at Readable.emit (node:events:509:28)
    at addChunk (node:internal/streams/readable:563:12)
    at readableAddChunkPushObjectMode (node:internal/streams/readable:540:3)
    at Readable.push (node:internal/streams/readable:395:5)
    at nextAsync (node:internal/streams/from:205:22)
    at process.processTicksAndRejections (node:internal/process/task_queues:104:5)
2026-06-07 16:45:35 [ERROR]: RequestError: Invalid object name 'users'.
    at handleError (D:\Grad Project Lai\Grad Project\JOSWE\backend\node_modules\mssql\lib\tedious\request.js:384:15)
    at Connection.emit (node:events:509:28)
    at Connection.emit (D:\Grad Project Lai\Grad Project\JOSWE\backend\node_modules\tedious\lib\connection.js:959:18)
    at RequestTokenHandler.onErrorMessage (D:\Grad Project Lai\Grad Project\JOSWE\backend\node_modules\tedious\lib\token\handler.js:285:21)
    at Readable.<anonymous> (D:\Grad Project Lai\Grad Project\JOSWE\backend\node_modules\tedious\lib\token\token-stream-parser.js:18:33)
    at Readable.emit (node:events:509:28)
    at addChunk (node:internal/streams/readable:563:12)
    at readableAddChunkPushObjectMode (node:internal/streams/readable:540:3)
    at Readable.push (node:internal/streams/readable:395:5)
    at nextAsync (node:internal/streams/from:205:22)
    at process.processTicksAndRejections (node:internal/process/task_queues:104:5)
2026-06-07 19:23:06 [ERROR]: RequestError: Invalid object name 'users'.
    at handleError (D:\Grad Project Lai\Grad Project\JOSWE\backend\node_modules\mssql\lib\tedious\request.js:384:15)
    at Connection.emit (node:events:509:28)
    at Connection.emit (D:\Grad Project Lai\Grad Project\JOSWE\backend\node_modules\tedious\lib\connection.js:959:18)
    at RequestTokenHandler.onErrorMessage (D:\Grad Project Lai\Grad Project\JOSWE\backend\node_modules\tedious\lib\token\handler.js:285:21)
    at Readable.<anonymous> (D:\Grad Project Lai\Grad Project\JOSWE\backend\node_modules\tedious\lib\token\token-stream-parser.js:18:33)
    at Readable.emit (node:events:509:28)
    at addChunk (node:internal/streams/readable:563:12)
    at readableAddChunkPushObjectMode (node:internal/streams/readable:540:3)
    at Readable.push (node:internal/streams/readable:395:5)
    at nextAsync (node:internal/streams/from:205:22)
    at process.processTicksAndRejections (node:internal/process/task_queues:104:5)
2026-06-07 19:23:06 [ERROR]: RequestError: Invalid object name 'users'.
    at handleError (D:\Grad Project Lai\Grad Project\JOSWE\backend\node_modules\mssql\lib\tedious\request.js:384:15)
    at Connection.emit (node:events:509:28)
    at Connection.emit (D:\Grad Project Lai\Grad Project\JOSWE\backend\node_modules\tedious\lib\connection.js:959:18)
    at RequestTokenHandler.onErrorMessage (D:\Grad Project Lai\Grad Project\JOSWE\backend\node_modules\tedious\lib\token\handler.js:285:21)
    at Readable.<anonymous> (D:\Grad Project Lai\Grad Project\JOSWE\backend\node_modules\tedious\lib\token\token-stream-parser.js:18:33)
    at Readable.emit (node:events:509:28)
    at addChunk (node:internal/streams/readable:563:12)
    at readableAddChunkPushObjectMode (node:internal/streams/readable:540:3)
    at Readable.push (node:internal/streams/readable:395:5)
    at nextAsync (node:internal/streams/from:205:22)
    at process.processTicksAndRejections (node:internal/process/task_queues:104:5)
2026-06-07 19:23:06 [ERROR]: RequestError: Invalid object name 'users'.
    at handleError (D:\Grad Project Lai\Grad Project\JOSWE\backend\node_modules\mssql\lib\tedious\request.js:384:15)
    at Connection.emit (node:events:509:28)
    at Connection.emit (D:\Grad Project Lai\Grad Project\JOSWE\backend\node_modules\tedious\lib\connection.js:959:18)
    at RequestTokenHandler.onErrorMessage (D:\Grad Project Lai\Grad Project\JOSWE\backend\node_modules\tedious\lib\token\handler.js:285:21)
    at Readable.<anonymous> (D:\Grad Project Lai\Grad Project\JOSWE\backend\node_modules\tedious\lib\token\token-stream-parser.js:18:33)
    at Readable.emit (node:events:509:28)
    at addChunk (node:internal/streams/readable:563:12)
    at readableAddChunkPushObjectMode (node:internal/streams/readable:540:3)
    at Readable.push (node:internal/streams/readable:395:5)
    at nextAsync (node:internal/streams/from:205:22)
    at process.processTicksAndRejections (node:internal/process/task_queues:104:5)
2026-06-07 19:24:04 [ERROR]: RequestError: Invalid object name 'users'.
    at handleError (D:\Grad Project Lai\Grad Project\JOSWE\backend\node_modules\mssql\lib\tedious\request.js:384:15)
    at Connection.emit (node:events:509:28)
    at Connection.emit (D:\Grad Project Lai\Grad Project\JOSWE\backend\node_modules\tedious\lib\connection.js:959:18)
    at RequestTokenHandler.onErrorMessage (D:\Grad Project Lai\Grad Project\JOSWE\backend\node_modules\tedious\lib\token\handler.js:285:21)
    at Readable.<anonymous> (D:\Grad Project Lai\Grad Project\JOSWE\backend\node_modules\tedious\lib\token\token-stream-parser.js:18:33)
    at Readable.emit (node:events:509:28)
    at addChunk (node:internal/streams/readable:563:12)
    at readableAddChunkPushObjectMode (node:internal/streams/readable:540:3)
    at Readable.push (node:internal/streams/readable:395:5)
    at nextAsync (node:internal/streams/from:205:22)
    at process.processTicksAndRejections (node:internal/process/task_queues:104:5)
2026-06-07 19:25:15 [ERROR]: RequestError: Invalid object name 'users'.
    at handleError (D:\Grad Project Lai\Grad Project\JOSWE\backend\node_modules\mssql\lib\tedious\request.js:384:15)
    at Connection.emit (node:events:509:28)
    at Connection.emit (D:\Grad Project Lai\Grad Project\JOSWE\backend\node_modules\tedious\lib\connection.js:959:18)
    at RequestTokenHandler.onErrorMessage (D:\Grad Project Lai\Grad Project\JOSWE\backend\node_modules\tedious\lib\token\handler.js:285:21)
    at Readable.<anonymous> (D:\Grad Project Lai\Grad Project\JOSWE\backend\node_modules\tedious\lib\token\token-stream-parser.js:18:33)
    at Readable.emit (node:events:509:28)
    at addChunk (node:internal/streams/readable:563:12)
    at readableAddChunkPushObjectMode (node:internal/streams/readable:540:3)
    at Readable.push (node:internal/streams/readable:395:5)
    at nextAsync (node:internal/streams/from:205:22)
    at process.processTicksAndRejections (node:internal/process/task_queues:104:5)
2026-06-07 19:29:13 [ERROR]: RequestError: Invalid object name 'users'.
    at handleError (D:\Grad Project Lai\Grad Project\JOSWE\backend\node_modules\mssql\lib\tedious\request.js:384:15)
    at Connection.emit (node:events:509:28)
    at Connection.emit (D:\Grad Project Lai\Grad Project\JOSWE\backend\node_modules\tedious\lib\connection.js:959:18)
    at RequestTokenHandler.onErrorMessage (D:\Grad Project Lai\Grad Project\JOSWE\backend\node_modules\tedious\lib\token\handler.js:285:21)
    at Readable.<anonymous> (D:\Grad Project Lai\Grad Project\JOSWE\backend\node_modules\tedious\lib\token\token-stream-parser.js:18:33)
    at Readable.emit (node:events:509:28)
    at addChunk (node:internal/streams/readable:563:12)
    at readableAddChunkPushObjectMode (node:internal/streams/readable:540:3)
    at Readable.push (node:internal/streams/readable:395:5)
    at nextAsync (node:internal/streams/from:205:22)
    at process.processTicksAndRejections (node:internal/process/task_queues:104:5)
2026-06-07 19:29:13 [ERROR]: RequestError: Invalid object name 'users'.
    at handleError (D:\Grad Project Lai\Grad Project\JOSWE\backend\node_modules\mssql\lib\tedious\request.js:384:15)
    at Connection.emit (node:events:509:28)
    at Connection.emit (D:\Grad Project Lai\Grad Project\JOSWE\backend\node_modules\tedious\lib\connection.js:959:18)
    at RequestTokenHandler.onErrorMessage (D:\Grad Project Lai\Grad Project\JOSWE\backend\node_modules\tedious\lib\token\handler.js:285:21)
    at Readable.<anonymous> (D:\Grad Project Lai\Grad Project\JOSWE\backend\node_modules\tedious\lib\token\token-stream-parser.js:18:33)
    at Readable.emit (node:events:509:28)
    at addChunk (node:internal/streams/readable:563:12)
    at readableAddChunkPushObjectMode (node:internal/streams/readable:540:3)
    at Readable.push (node:internal/streams/readable:395:5)
    at nextAsync (node:internal/streams/from:205:22)
    at process.processTicksAndRejections (node:internal/process/task_queues:104:5)
2026-06-07 19:29:13 [ERROR]: RequestError: Invalid object name 'users'.
    at handleError (D:\Grad Project Lai\Grad Project\JOSWE\backend\node_modules\mssql\lib\tedious\request.js:384:15)
    at Connection.emit (node:events:509:28)
    at Connection.emit (D:\Grad Project Lai\Grad Project\JOSWE\backend\node_modules\tedious\lib\connection.js:959:18)
    at RequestTokenHandler.onErrorMessage (D:\Grad Project Lai\Grad Project\JOSWE\backend\node_modules\tedious\lib\token\handler.js:285:21)
    at Readable.<anonymous> (D:\Grad Project Lai\Grad Project\JOSWE\backend\node_modules\tedious\lib\token\token-stream-parser.js:18:33)
    at Readable.emit (node:events:509:28)
    at addChunk (node:internal/streams/readable:563:12)
    at readableAddChunkPushObjectMode (node:internal/streams/readable:540:3)
    at Readable.push (node:internal/streams/readable:395:5)
    at nextAsync (node:internal/streams/from:205:22)
    at process.processTicksAndRejections (node:internal/process/task_queues:104:5)
2026-06-07 19:29:13 [ERROR]: RequestError: Invalid object name 'users'.
    at handleError (D:\Grad Project Lai\Grad Project\JOSWE\backend\node_modules\mssql\lib\tedious\request.js:384:15)
    at Connection.emit (node:events:509:28)
    at Connection.emit (D:\Grad Project Lai\Grad Project\JOSWE\backend\node_modules\tedious\lib\connection.js:959:18)
    at RequestTokenHandler.onErrorMessage (D:\Grad Project Lai\Grad Project\JOSWE\backend\node_modules\tedious\lib\token\handler.js:285:21)
    at Readable.<anonymous> (D:\Grad Project Lai\Grad Project\JOSWE\backend\node_modules\tedious\lib\token\token-stream-parser.js:18:33)
    at Readable.emit (node:events:509:28)
    at addChunk (node:internal/streams/readable:563:12)
    at readableAddChunkPushObjectMode (node:internal/streams/readable:540:3)
    at Readable.push (node:internal/streams/readable:395:5)
    at nextAsync (node:internal/streams/from:205:22)
    at process.processTicksAndRejections (node:internal/process/task_queues:104:5)
2026-06-07 19:30:46 [ERROR]: RequestError: Invalid object name 'users'.
    at handleError (D:\Grad Project Lai\Grad Project\JOSWE\backend\node_modules\mssql\lib\tedious\request.js:384:15)
    at Connection.emit (node:events:509:28)
    at Connection.emit (D:\Grad Project Lai\Grad Project\JOSWE\backend\node_modules\tedious\lib\connection.js:959:18)
    at RequestTokenHandler.onErrorMessage (D:\Grad Project Lai\Grad Project\JOSWE\backend\node_modules\tedious\lib\token\handler.js:285:21)
    at Readable.<anonymous> (D:\Grad Project Lai\Grad Project\JOSWE\backend\node_modules\tedious\lib\token\token-stream-parser.js:18:33)
    at Readable.emit (node:events:509:28)
    at addChunk (node:internal/streams/readable:563:12)
    at readableAddChunkPushObjectMode (node:internal/streams/readable:540:3)
    at Readable.push (node:internal/streams/readable:395:5)
    at nextAsync (node:internal/streams/from:205:22)
    at process.processTicksAndRejections (node:internal/process/task_queues:104:5)
2026-06-07 19:41:11 [ERROR]: RequestError: Invalid object name 'users'.
    at handleError (D:\Grad Project Lai\Grad Project\JOSWE\backend\node_modules\mssql\lib\tedious\request.js:384:15)
    at Connection.emit (node:events:509:28)
    at Connection.emit (D:\Grad Project Lai\Grad Project\JOSWE\backend\node_modules\tedious\lib\connection.js:959:18)
    at RequestTokenHandler.onErrorMessage (D:\Grad Project Lai\Grad Project\JOSWE\backend\node_modules\tedious\lib\token\handler.js:285:21)
    at Readable.<anonymous> (D:\Grad Project Lai\Grad Project\JOSWE\backend\node_modules\tedious\lib\token\token-stream-parser.js:18:33)
    at Readable.emit (node:events:509:28)
    at addChunk (node:internal/streams/readable:563:12)
    at readableAddChunkPushObjectMode (node:internal/streams/readable:540:3)
    at Readable.push (node:internal/streams/readable:395:5)
    at nextAsync (node:internal/streams/from:205:22)
    at process.processTicksAndRejections (node:internal/process/task_queues:104:5)
2026-06-07 19:41:12 [ERROR]: RequestError: Invalid object name 'users'.
    at handleError (D:\Grad Project Lai\Grad Project\JOSWE\backend\node_modules\mssql\lib\tedious\request.js:384:15)
    at Connection.emit (node:events:509:28)
    at Connection.emit (D:\Grad Project Lai\Grad Project\JOSWE\backend\node_modules\tedious\lib\connection.js:959:18)
    at RequestTokenHandler.onErrorMessage (D:\Grad Project Lai\Grad Project\JOSWE\backend\node_modules\tedious\lib\token\handler.js:285:21)
    at Readable.<anonymous> (D:\Grad Project Lai\Grad Project\JOSWE\backend\node_modules\tedious\lib\token\token-stream-parser.js:18:33)
    at Readable.emit (node:events:509:28)
    at addChunk (node:internal/streams/readable:563:12)
    at readableAddChunkPushObjectMode (node:internal/streams/readable:540:3)
    at Readable.push (node:internal/streams/readable:395:5)
    at nextAsync (node:internal/streams/from:205:22)
    at process.processTicksAndRejections (node:internal/process/task_queues:104:5)
2026-06-07 19:41:12 [ERROR]: RequestError: Invalid object name 'users'.
    at handleError (D:\Grad Project Lai\Grad Project\JOSWE\backend\node_modules\mssql\lib\tedious\request.js:384:15)
    at Connection.emit (node:events:509:28)
    at Connection.emit (D:\Grad Project Lai\Grad Project\JOSWE\backend\node_modules\tedious\lib\connection.js:959:18)
    at RequestTokenHandler.onErrorMessage (D:\Grad Project Lai\Grad Project\JOSWE\backend\node_modules\tedious\lib\token\handler.js:285:21)
    at Readable.<anonymous> (D:\Grad Project Lai\Grad Project\JOSWE\backend\node_modules\tedious\lib\token\token-stream-parser.js:18:33)
    at Readable.emit (node:events:509:28)
    at addChunk (node:internal/streams/readable:563:12)
    at readableAddChunkPushObjectMode (node:internal/streams/readable:540:3)
    at Readable.push (node:internal/streams/readable:395:5)
    at nextAsync (node:internal/streams/from:205:22)
    at process.processTicksAndRejections (node:internal/process/task_queues:104:5)
2026-06-07 19:41:12 [ERROR]: RequestError: Invalid object name 'users'.
    at handleError (D:\Grad Project Lai\Grad Project\JOSWE\backend\node_modules\mssql\lib\tedious\request.js:384:15)
    at Connection.emit (node:events:509:28)
    at Connection.emit (D:\Grad Project Lai\Grad Project\JOSWE\backend\node_modules\tedious\lib\connection.js:959:18)
    at RequestTokenHandler.onErrorMessage (D:\Grad Project Lai\Grad Project\JOSWE\backend\node_modules\tedious\lib\token\handler.js:285:21)
    at Readable.<anonymous> (D:\Grad Project Lai\Grad Project\JOSWE\backend\node_modules\tedious\lib\token\token-stream-parser.js:18:33)
    at Readable.emit (node:events:509:28)
    at addChunk (node:internal/streams/readable:563:12)
    at readableAddChunkPushObjectMode (node:internal/streams/readable:540:3)
    at Readable.push (node:internal/streams/readable:395:5)
    at nextAsync (node:internal/streams/from:205:22)
    at process.processTicksAndRejections (node:internal/process/task_queues:104:5)
2026-06-07 19:43:12 [ERROR]: RequestError: Invalid object name 'users'.
    at handleError (D:\Grad Project Lai\Grad Project\JOSWE\backend\node_modules\mssql\lib\tedious\request.js:384:15)
    at Connection.emit (node:events:509:28)
    at Connection.emit (D:\Grad Project Lai\Grad Project\JOSWE\backend\node_modules\tedious\lib\connection.js:959:18)
    at RequestTokenHandler.onErrorMessage (D:\Grad Project Lai\Grad Project\JOSWE\backend\node_modules\tedious\lib\token\handler.js:285:21)
    at Readable.<anonymous> (D:\Grad Project Lai\Grad Project\JOSWE\backend\node_modules\tedious\lib\token\token-stream-parser.js:18:33)
    at Readable.emit (node:events:509:28)
    at addChunk (node:internal/streams/readable:563:12)
    at readableAddChunkPushObjectMode (node:internal/streams/readable:540:3)
    at Readable.push (node:internal/streams/readable:395:5)
    at nextAsync (node:internal/streams/from:205:22)
    at process.processTicksAndRejections (node:internal/process/task_queues:104:5)
2026-06-07 20:06:24 [ERROR]: TypeError: Cannot read properties of undefined (reading 'user_id')
    at createRecord (D:\Grad Project Lai\Grad Project\JOSWE\backend\controllers\productionController.js:15:27)
    at newFn (D:\Grad Project Lai\Grad Project\JOSWE\backend\node_modules\express-async-errors\index.js:16:20)
    at Layer.handle [as handle_request] (D:\Grad Project Lai\Grad Project\JOSWE\backend\node_modules\express\lib\router\layer.js:95:5)
    at next (D:\Grad Project Lai\Grad Project\JOSWE\backend\node_modules\express\lib\router\route.js:149:13)
    at validate (D:\Grad Project Lai\Grad Project\JOSWE\backend\middleware\validate.js:14:3)
    at newFn (D:\Grad Project Lai\Grad Project\JOSWE\backend\node_modules\express-async-errors\index.js:16:20)
    at Layer.handle [as handle_request] (D:\Grad Project Lai\Grad Project\JOSWE\backend\node_modules\express\lib\router\layer.js:95:5)
    at next (D:\Grad Project Lai\Grad Project\JOSWE\backend\node_modules\express\lib\router\route.js:149:13)
    at middleware (D:\Grad Project Lai\Grad Project\JOSWE\backend\node_modules\express-validator\lib\middlewares\check.js:16:13)
    at process.processTicksAndRejections (node:internal/process/task_queues:104:5)
