2026-06-07 01:58:55 [ERROR]: Error: Cannot find module '../config/database'
Require stack:
- D:\Grad Project Lai\Grad Project\JOSWE\backend\routes\production.js
- D:\Grad Project Lai\Grad Project\JOSWE\backend\server.js
    at Module._resolveFilename (node:internal/modules/cjs/loader:1500:15)
    at wrapResolveFilename (node:internal/modules/cjs/loader:1071:27)
    at defaultResolveImplForCJSLoading (node:internal/modules/cjs/loader:1095:10)
    at resolveForCJSWithHooks (node:internal/modules/cjs/loader:1116:12)
    at Module._load (node:internal/modules/cjs/loader:1285:25)
    at wrapModuleLoad (node:internal/modules/cjs/loader:255:19)
    at Module.require (node:internal/modules/cjs/loader:1600:12)
    at require (node:internal/modules/helpers:153:16)
    at Object.<anonymous> (D:\Grad Project Lai\Grad Project\JOSWE\backend\routes\production.js:16:21)
    at Module._compile (node:internal/modules/cjs/loader:1854:14)
2026-06-07 02:00:50 [ERROR]: Error: Cannot find module '../config/database'
Require stack:
- D:\Grad Project Lai\Grad Project\JOSWE\backend\routes\production.js
- D:\Grad Project Lai\Grad Project\JOSWE\backend\server.js
    at Module._resolveFilename (node:internal/modules/cjs/loader:1500:15)
    at wrapResolveFilename (node:internal/modules/cjs/loader:1071:27)
    at defaultResolveImplForCJSLoading (node:internal/modules/cjs/loader:1095:10)
    at resolveForCJSWithHooks (node:internal/modules/cjs/loader:1116:12)
    at Module._load (node:internal/modules/cjs/loader:1285:25)
    at wrapModuleLoad (node:internal/modules/cjs/loader:255:19)
    at Module.require (node:internal/modules/cjs/loader:1600:12)
    at require (node:internal/modules/helpers:153:16)
    at Object.<anonymous> (D:\Grad Project Lai\Grad Project\JOSWE\backend\routes\production.js:16:21)
    at Module._compile (node:internal/modules/cjs/loader:1854:14)
2026-06-07 02:01:17 [ERROR]: Error: Cannot find module '../config/database'
Require stack:
- D:\Grad Project Lai\Grad Project\JOSWE\backend\routes\production.js
- D:\Grad Project Lai\Grad Project\JOSWE\backend\server.js
    at Module._resolveFilename (node:internal/modules/cjs/loader:1500:15)
    at wrapResolveFilename (node:internal/modules/cjs/loader:1071:27)
    at defaultResolveImplForCJSLoading (node:internal/modules/cjs/loader:1095:10)
    at resolveForCJSWithHooks (node:internal/modules/cjs/loader:1116:12)
    at Module._load (node:internal/modules/cjs/loader:1285:25)
    at wrapModuleLoad (node:internal/modules/cjs/loader:255:19)
    at Module.require (node:internal/modules/cjs/loader:1600:12)
    at require (node:internal/modules/helpers:153:16)
    at Object.<anonymous> (D:\Grad Project Lai\Grad Project\JOSWE\backend\routes\production.js:16:21)
    at Module._compile (node:internal/modules/cjs/loader:1854:14)
2026-06-07 02:04:02 [ERROR]: Error: Cannot find module '../config/database'
Require stack:
- D:\Grad Project Lai\Grad Project\JOSWE\backend\routes\production.js
- D:\Grad Project Lai\Grad Project\JOSWE\backend\server.js
    at Module._resolveFilename (node:internal/modules/cjs/loader:1500:15)
    at wrapResolveFilename (node:internal/modules/cjs/loader:1071:27)
    at defaultResolveImplForCJSLoading (node:internal/modules/cjs/loader:1095:10)
    at resolveForCJSWithHooks (node:internal/modules/cjs/loader:1116:12)
    at Module._load (node:internal/modules/cjs/loader:1285:25)
    at wrapModuleLoad (node:internal/modules/cjs/loader:255:19)
    at Module.require (node:internal/modules/cjs/loader:1600:12)
    at require (node:internal/modules/helpers:153:16)
    at Object.<anonymous> (D:\Grad Project Lai\Grad Project\JOSWE\backend\routes\production.js:16:21)
    at Module._compile (node:internal/modules/cjs/loader:1854:14)
2026-06-07 02:04:38 [ERROR]: Error: Cannot find module '../config/database'
Require stack:
- D:\Grad Project Lai\Grad Project\JOSWE\backend\routes\production.js
- D:\Grad Project Lai\Grad Project\JOSWE\backend\server.js
    at Module._resolveFilename (node:internal/modules/cjs/loader:1500:15)
    at wrapResolveFilename (node:internal/modules/cjs/loader:1071:27)
    at defaultResolveImplForCJSLoading (node:internal/modules/cjs/loader:1095:10)
    at resolveForCJSWithHooks (node:internal/modules/cjs/loader:1116:12)
    at Module._load (node:internal/modules/cjs/loader:1285:25)
    at wrapModuleLoad (node:internal/modules/cjs/loader:255:19)
    at Module.require (node:internal/modules/cjs/loader:1600:12)
    at require (node:internal/modules/helpers:153:16)
    at Object.<anonymous> (D:\Grad Project Lai\Grad Project\JOSWE\backend\routes\production.js:16:21)
    at Module._compile (node:internal/modules/cjs/loader:1854:14)
2026-06-07 02:08:03 [ERROR]: Error: Cannot find module '../config/database'
Require stack:
- D:\Grad Project Lai\Grad Project\JOSWE\backend\routes\production.js
- D:\Grad Project Lai\Grad Project\JOSWE\backend\server.js
    at Module._resolveFilename (node:internal/modules/cjs/loader:1500:15)
    at wrapResolveFilename (node:internal/modules/cjs/loader:1071:27)
    at defaultResolveImplForCJSLoading (node:internal/modules/cjs/loader:1095:10)
    at resolveForCJSWithHooks (node:internal/modules/cjs/loader:1116:12)
    at Module._load (node:internal/modules/cjs/loader:1285:25)
    at wrapModuleLoad (node:internal/modules/cjs/loader:255:19)
    at Module.require (node:internal/modules/cjs/loader:1600:12)
    at require (node:internal/modules/helpers:153:16)
    at Object.<anonymous> (D:\Grad Project Lai\Grad Project\JOSWE\backend\routes\production.js:16:21)
    at Module._compile (node:internal/modules/cjs/loader:1854:14)
2026-06-07 02:08:31 [ERROR]: Error: Cannot find module '../config/database'
Require stack:
- D:\Grad Project Lai\Grad Project\JOSWE\backend\routes\production.js
- D:\Grad Project Lai\Grad Project\JOSWE\backend\server.js
    at Module._resolveFilename (node:internal/modules/cjs/loader:1500:15)
    at wrapResolveFilename (node:internal/modules/cjs/loader:1071:27)
    at defaultResolveImplForCJSLoading (node:internal/modules/cjs/loader:1095:10)
    at resolveForCJSWithHooks (node:internal/modules/cjs/loader:1116:12)
    at Module._load (node:internal/modules/cjs/loader:1285:25)
    at wrapModuleLoad (node:internal/modules/cjs/loader:255:19)
    at Module.require (node:internal/modules/cjs/loader:1600:12)
    at require (node:internal/modules/helpers:153:16)
    at Object.<anonymous> (D:\Grad Project Lai\Grad Project\JOSWE\backend\routes\production.js:16:21)
    at Module._compile (node:internal/modules/cjs/loader:1854:14)
2026-06-07 02:09:05 [ERROR]: Error: Cannot find module '../config/database'
Require stack:
- D:\Grad Project Lai\Grad Project\JOSWE\backend\routes\production.js
- D:\Grad Project Lai\Grad Project\JOSWE\backend\server.js
    at Module._resolveFilename (node:internal/modules/cjs/loader:1500:15)
    at wrapResolveFilename (node:internal/modules/cjs/loader:1071:27)
    at defaultResolveImplForCJSLoading (node:internal/modules/cjs/loader:1095:10)
    at resolveForCJSWithHooks (node:internal/modules/cjs/loader:1116:12)
    at Module._load (node:internal/modules/cjs/loader:1285:25)
    at wrapModuleLoad (node:internal/modules/cjs/loader:255:19)
    at Module.require (node:internal/modules/cjs/loader:1600:12)
    at require (node:internal/modules/helpers:153:16)
    at Object.<anonymous> (D:\Grad Project Lai\Grad Project\JOSWE\backend\routes\production.js:16:21)
    at Module._compile (node:internal/modules/cjs/loader:1854:14)
2026-06-07 02:10:38 [ERROR]: Error: Cannot find module '../config/database'
Require stack:
- D:\Grad Project Lai\Grad Project\JOSWE\backend\routes\production.js
- D:\Grad Project Lai\Grad Project\JOSWE\backend\server.js
    at Module._resolveFilename (node:internal/modules/cjs/loader:1500:15)
    at wrapResolveFilename (node:internal/modules/cjs/loader:1071:27)
    at defaultResolveImplForCJSLoading (node:internal/modules/cjs/loader:1095:10)
    at resolveForCJSWithHooks (node:internal/modules/cjs/loader:1116:12)
    at Module._load (node:internal/modules/cjs/loader:1285:25)
    at wrapModuleLoad (node:internal/modules/cjs/loader:255:19)
    at Module.require (node:internal/modules/cjs/loader:1600:12)
    at require (node:internal/modules/helpers:153:16)
    at Object.<anonymous> (D:\Grad Project Lai\Grad Project\JOSWE\backend\routes\production.js:16:21)
    at Module._compile (node:internal/modules/cjs/loader:1854:14)
2026-06-07 02:11:07 [ERROR]: Error: Cannot find module '../config/database'
Require stack:
- D:\Grad Project Lai\Grad Project\JOSWE\backend\routes\production.js
- D:\Grad Project Lai\Grad Project\JOSWE\backend\server.js
    at Module._resolveFilename (node:internal/modules/cjs/loader:1500:15)
    at wrapResolveFilename (node:internal/modules/cjs/loader:1071:27)
    at defaultResolveImplForCJSLoading (node:internal/modules/cjs/loader:1095:10)
    at resolveForCJSWithHooks (node:internal/modules/cjs/loader:1116:12)
    at Module._load (node:internal/modules/cjs/loader:1285:25)
    at wrapModuleLoad (node:internal/modules/cjs/loader:255:19)
    at Module.require (node:internal/modules/cjs/loader:1600:12)
    at require (node:internal/modules/helpers:153:16)
    at Object.<anonymous> (D:\Grad Project Lai\Grad Project\JOSWE\backend\routes\production.js:16:21)
    at Module._compile (node:internal/modules/cjs/loader:1854:14)
2026-06-07 02:19:07 [ERROR]: Error: listen EADDRINUSE: address already in use :::5000
    at Server.setupListenHandle [as _listen2] (node:net:2008:16)
    at listenInCluster (node:net:2065:12)
    at Server.listen (node:net:2170:7)
    at app.listen (D:\Grad Project Lai\Grad Project\JOSWE\backend\node_modules\express\lib\application.js:635:24)
    at startServer (D:\Grad Project Lai\Grad Project\JOSWE\backend\server.js:100:9)
2026-06-07 02:19:35 [ERROR]: Error: listen EADDRINUSE: address already in use :::5000
    at Server.setupListenHandle [as _listen2] (node:net:2008:16)
    at listenInCluster (node:net:2065:12)
    at Server.listen (node:net:2170:7)
    at app.listen (D:\Grad Project Lai\Grad Project\JOSWE\backend\node_modules\express\lib\application.js:635:24)
    at startServer (D:\Grad Project Lai\Grad Project\JOSWE\backend\server.js:100:9)
2026-06-07 02:20:06 [ERROR]: Error: listen EADDRINUSE: address already in use :::5000
    at Server.setupListenHandle [as _listen2] (node:net:2008:16)
    at listenInCluster (node:net:2065:12)
    at Server.listen (node:net:2170:7)
    at app.listen (D:\Grad Project Lai\Grad Project\JOSWE\backend\node_modules\express\lib\application.js:635:24)
    at startServer (D:\Grad Project Lai\Grad Project\JOSWE\backend\server.js:100:9)
2026-06-07 02:20:56 [ERROR]: Error: listen EADDRINUSE: address already in use :::5000
    at Server.setupListenHandle [as _listen2] (node:net:2008:16)
    at listenInCluster (node:net:2065:12)
    at Server.listen (node:net:2170:7)
    at app.listen (D:\Grad Project Lai\Grad Project\JOSWE\backend\node_modules\express\lib\application.js:635:24)
    at startServer (D:\Grad Project Lai\Grad Project\JOSWE\backend\server.js:100:9)
2026-06-07 02:22:25 [ERROR]: Error: listen EADDRINUSE: address already in use :::5000
    at Server.setupListenHandle [as _listen2] (node:net:2008:16)
    at listenInCluster (node:net:2065:12)
    at Server.listen (node:net:2170:7)
    at app.listen (D:\Grad Project Lai\Grad Project\JOSWE\backend\node_modules\express\lib\application.js:635:24)
    at [eval]:7:7
2026-06-07 02:23:41 [ERROR]: Error: listen EADDRINUSE: address already in use :::5000
    at Server.setupListenHandle [as _listen2] (node:net:2008:16)
    at listenInCluster (node:net:2065:12)
    at Server.listen (node:net:2170:7)
    at app.listen (D:\Grad Project Lai\Grad Project\JOSWE\backend\node_modules\express\lib\application.js:635:24)
    at startServer (D:\Grad Project Lai\Grad Project\JOSWE\backend\server.js:100:9)
2026-06-07 02:33:34 [ERROR]: Error: listen EADDRINUSE: address already in use :::5000
    at Server.setupListenHandle [as _listen2] (node:net:2008:16)
    at listenInCluster (node:net:2065:12)
    at Server.listen (node:net:2170:7)
    at app.listen (D:\Grad Project Lai\Grad Project\JOSWE\backend\node_modules\express\lib\application.js:635:24)
    at startServer (D:\Grad Project Lai\Grad Project\JOSWE\backend\server.js:100:9)
2026-06-07 02:34:48 [ERROR]: Error: listen EADDRINUSE: address already in use :::5000
    at Server.setupListenHandle [as _listen2] (node:net:2008:16)
    at listenInCluster (node:net:2065:12)
    at Server.listen (node:net:2170:7)
    at app.listen (D:\Grad Project Lai\Grad Project\JOSWE\backend\node_modules\express\lib\application.js:635:24)
    at startServer (D:\Grad Project Lai\Grad Project\JOSWE\backend\server.js:100:9)
2026-06-07 02:50:25 [ERROR]: Error: listen EADDRINUSE: address already in use :::5000
    at Server.setupListenHandle [as _listen2] (node:net:2008:16)
    at listenInCluster (node:net:2065:12)
    at Server.listen (node:net:2170:7)
    at app.listen (D:\Grad Project Lai\Grad Project\JOSWE\backend\node_modules\express\lib\application.js:635:24)
    at startServer (D:\Grad Project Lai\Grad Project\JOSWE\backend\server.js:100:9)
2026-06-07 03:14:46 [ERROR]: Error: listen EADDRINUSE: address already in use :::5000
    at Server.setupListenHandle [as _listen2] (node:net:2008:16)
    at listenInCluster (node:net:2065:12)
    at Server.listen (node:net:2170:7)
    at app.listen (D:\Grad Project Lai\Grad Project\JOSWE\backend\node_modules\express\lib\application.js:635:24)
    at startServer (D:\Grad Project Lai\Grad Project\JOSWE\backend\server.js:100:9)
2026-06-07 12:27:51 [ERROR]: Error: listen EADDRINUSE: address already in use :::5000
    at Server.setupListenHandle [as _listen2] (node:net:2008:16)
    at listenInCluster (node:net:2065:12)
    at Server.listen (node:net:2170:7)
    at app.listen (D:\Grad Project Lai\Grad Project\JOSWE\backend\node_modules\express\lib\application.js:635:24)
    at startServer (D:\Grad Project Lai\Grad Project\JOSWE\backend\server.js:100:9)
2026-06-07 12:28:03 [ERROR]: Error: listen EADDRINUSE: address already in use :::5000
    at Server.setupListenHandle [as _listen2] (node:net:2008:16)
    at listenInCluster (node:net:2065:12)
    at Server.listen (node:net:2170:7)
    at app.listen (D:\Grad Project Lai\Grad Project\JOSWE\backend\node_modules\express\lib\application.js:635:24)
    at startServer (D:\Grad Project Lai\Grad Project\JOSWE\backend\server.js:100:9)
2026-06-07 12:32:16 [ERROR]: D:\Grad Project Lai\Grad Project\JOSWE\backend\routes\production.js:42
});
  ^

SyntaxError: Unexpected token ';'
    at wrapSafe (node:internal/modules/cjs/loader:1787:18)
    at Module._compile (node:internal/modules/cjs/loader:1828:20)
    at Object..js (node:internal/modules/cjs/loader:1985:10)
    at Module.load (node:internal/modules/cjs/loader:1577:32)
    at Module._load (node:internal/modules/cjs/loader:1379:12)
    at wrapModuleLoad (node:internal/modules/cjs/loader:255:19)
    at Module.require (node:internal/modules/cjs/loader:1600:12)
    at require (node:internal/modules/helpers:153:16)
    at Object.<anonymous> (D:\Grad Project Lai\Grad Project\JOSWE\backend\server.js:17:26)
    at Module._compile (node:internal/modules/cjs/loader:1854:14)
2026-06-07 12:32:22 [ERROR]: D:\Grad Project Lai\Grad Project\JOSWE\backend\routes\production.js:42
});
  ^

SyntaxError: Unexpected token ';'
    at wrapSafe (node:internal/modules/cjs/loader:1787:18)
    at Module._compile (node:internal/modules/cjs/loader:1828:20)
    at Object..js (node:internal/modules/cjs/loader:1985:10)
    at Module.load (node:internal/modules/cjs/loader:1577:32)
    at Module._load (node:internal/modules/cjs/loader:1379:12)
    at wrapModuleLoad (node:internal/modules/cjs/loader:255:19)
    at Module.require (node:internal/modules/cjs/loader:1600:12)
    at require (node:internal/modules/helpers:153:16)
    at Object.<anonymous> (D:\Grad Project Lai\Grad Project\JOSWE\backend\server.js:17:26)
    at Module._compile (node:internal/modules/cjs/loader:1854:14)
2026-06-07 12:33:17 [ERROR]: D:\Grad Project Lai\Grad Project\JOSWE\backend\routes\production.js:42
});
  ^

SyntaxError: Unexpected token ';'
    at wrapSafe (node:internal/modules/cjs/loader:1787:18)
    at Module._compile (node:internal/modules/cjs/loader:1828:20)
    at Object..js (node:internal/modules/cjs/loader:1985:10)
    at Module.load (node:internal/modules/cjs/loader:1577:32)
    at Module._load (node:internal/modules/cjs/loader:1379:12)
    at wrapModuleLoad (node:internal/modules/cjs/loader:255:19)
    at Module.require (node:internal/modules/cjs/loader:1600:12)
    at require (node:internal/modules/helpers:153:16)
    at Object.<anonymous> (D:\Grad Project Lai\Grad Project\JOSWE\backend\server.js:17:26)
    at Module._compile (node:internal/modules/cjs/loader:1854:14)
2026-06-07 12:33:32 [ERROR]: D:\Grad Project Lai\Grad Project\JOSWE\backend\routes\production.js:42
});
  ^

SyntaxError: Unexpected token ';'
    at wrapSafe (node:internal/modules/cjs/loader:1787:18)
    at Module._compile (node:internal/modules/cjs/loader:1828:20)
    at Object..js (node:internal/modules/cjs/loader:1985:10)
    at Module.load (node:internal/modules/cjs/loader:1577:32)
    at Module._load (node:internal/modules/cjs/loader:1379:12)
    at wrapModuleLoad (node:internal/modules/cjs/loader:255:19)
    at Module.require (node:internal/modules/cjs/loader:1600:12)
    at require (node:internal/modules/helpers:153:16)
    at Object.<anonymous> (D:\Grad Project Lai\Grad Project\JOSWE\backend\server.js:17:26)
    at Module._compile (node:internal/modules/cjs/loader:1854:14)
2026-06-07 12:34:47 [ERROR]: D:\Grad Project Lai\Grad Project\JOSWE\backend\routes\production.js:42
});
  ^

SyntaxError: Unexpected token ';'
    at wrapSafe (node:internal/modules/cjs/loader:1787:18)
    at Module._compile (node:internal/modules/cjs/loader:1828:20)
    at Object..js (node:internal/modules/cjs/loader:1985:10)
    at Module.load (node:internal/modules/cjs/loader:1577:32)
    at Module._load (node:internal/modules/cjs/loader:1379:12)
    at wrapModuleLoad (node:internal/modules/cjs/loader:255:19)
    at Module.require (node:internal/modules/cjs/loader:1600:12)
    at require (node:internal/modules/helpers:153:16)
    at Object.<anonymous> (D:\Grad Project Lai\Grad Project\JOSWE\backend\server.js:17:26)
    at Module._compile (node:internal/modules/cjs/loader:1854:14)
2026-06-07 12:35:35 [ERROR]: D:\Grad Project Lai\Grad Project\JOSWE\backend\routes\production.js:42
});
  ^

SyntaxError: Unexpected token ';'
    at wrapSafe (node:internal/modules/cjs/loader:1787:18)
    at Module._compile (node:internal/modules/cjs/loader:1828:20)
    at Object..js (node:internal/modules/cjs/loader:1985:10)
    at Module.load (node:internal/modules/cjs/loader:1577:32)
    at Module._load (node:internal/modules/cjs/loader:1379:12)
    at wrapModuleLoad (node:internal/modules/cjs/loader:255:19)
    at Module.require (node:internal/modules/cjs/loader:1600:12)
    at require (node:internal/modules/helpers:153:16)
    at Object.<anonymous> (D:\Grad Project Lai\Grad Project\JOSWE\backend\server.js:17:26)
    at Module._compile (node:internal/modules/cjs/loader:1854:14)
2026-06-07 12:38:30 [ERROR]: Error: listen EADDRINUSE: address already in use :::5000
    at Server.setupListenHandle [as _listen2] (node:net:2008:16)
    at listenInCluster (node:net:2065:12)
    at Server.listen (node:net:2170:7)
    at app.listen (D:\Grad Project Lai\Grad Project\JOSWE\backend\node_modules\express\lib\application.js:635:24)
    at startServer (D:\Grad Project Lai\Grad Project\JOSWE\backend\server.js:100:9)
2026-06-07 12:38:49 [ERROR]: Error: listen EADDRINUSE: address already in use :::5000
    at Server.setupListenHandle [as _listen2] (node:net:2008:16)
    at listenInCluster (node:net:2065:12)
    at Server.listen (node:net:2170:7)
    at app.listen (D:\Grad Project Lai\Grad Project\JOSWE\backend\node_modules\express\lib\application.js:635:24)
    at startServer (D:\Grad Project Lai\Grad Project\JOSWE\backend\server.js:100:9)
2026-06-07 12:48:11 [ERROR]: Error: listen EADDRINUSE: address already in use :::5000
    at Server.setupListenHandle [as _listen2] (node:net:2008:16)
    at listenInCluster (node:net:2065:12)
    at Server.listen (node:net:2170:7)
    at app.listen (D:\Grad Project Lai\Grad Project\JOSWE\backend\node_modules\express\lib\application.js:635:24)
    at startServer (D:\Grad Project Lai\Grad Project\JOSWE\backend\server.js:100:9)
2026-06-07 12:48:14 [ERROR]: Error: listen EADDRINUSE: address already in use :::5000
    at Server.setupListenHandle [as _listen2] (node:net:2008:16)
    at listenInCluster (node:net:2065:12)
    at Server.listen (node:net:2170:7)
    at app.listen (D:\Grad Project Lai\Grad Project\JOSWE\backend\node_modules\express\lib\application.js:635:24)
    at startServer (D:\Grad Project Lai\Grad Project\JOSWE\backend\server.js:100:9)
2026-06-07 12:48:37 [ERROR]: Error: listen EADDRINUSE: address already in use :::5000
    at Server.setupListenHandle [as _listen2] (node:net:2008:16)
    at listenInCluster (node:net:2065:12)
    at Server.listen (node:net:2170:7)
    at app.listen (D:\Grad Project Lai\Grad Project\JOSWE\backend\node_modules\express\lib\application.js:635:24)
    at startServer (D:\Grad Project Lai\Grad Project\JOSWE\backend\server.js:100:9)
2026-06-07 12:49:09 [ERROR]: Error: listen EADDRINUSE: address already in use :::5000
    at Server.setupListenHandle [as _listen2] (node:net:2008:16)
    at listenInCluster (node:net:2065:12)
    at Server.listen (node:net:2170:7)
    at app.listen (D:\Grad Project Lai\Grad Project\JOSWE\backend\node_modules\express\lib\application.js:635:24)
    at startServer (D:\Grad Project Lai\Grad Project\JOSWE\backend\server.js:100:9)
2026-06-07 12:49:24 [ERROR]: Error: listen EADDRINUSE: address already in use :::5000
    at Server.setupListenHandle [as _listen2] (node:net:2008:16)
    at listenInCluster (node:net:2065:12)
    at Server.listen (node:net:2170:7)
    at app.listen (D:\Grad Project Lai\Grad Project\JOSWE\backend\node_modules\express\lib\application.js:635:24)
    at startServer (D:\Grad Project Lai\Grad Project\JOSWE\backend\server.js:100:9)
2026-06-07 12:51:10 [ERROR]: Error: listen EADDRINUSE: address already in use :::5000
    at Server.setupListenHandle [as _listen2] (node:net:2008:16)
    at listenInCluster (node:net:2065:12)
    at Server.listen (node:net:2170:7)
    at app.listen (D:\Grad Project Lai\Grad Project\JOSWE\backend\node_modules\express\lib\application.js:635:24)
    at startServer (D:\Grad Project Lai\Grad Project\JOSWE\backend\server.js:100:9)
2026-06-07 12:53:33 [ERROR]: Error: listen EADDRINUSE: address already in use :::5000
    at Server.setupListenHandle [as _listen2] (node:net:2008:16)
    at listenInCluster (node:net:2065:12)
    at Server.listen (node:net:2170:7)
    at app.listen (D:\Grad Project Lai\Grad Project\JOSWE\backend\node_modules\express\lib\application.js:635:24)
    at startServer (D:\Grad Project Lai\Grad Project\JOSWE\backend\server.js:100:9)
2026-06-07 13:07:42 [ERROR]: Error: listen EADDRINUSE: address already in use :::5000
    at Server.setupListenHandle [as _listen2] (node:net:2008:16)
    at listenInCluster (node:net:2065:12)
    at Server.listen (node:net:2170:7)
    at app.listen (D:\Grad Project Lai\Grad Project\JOSWE\backend\node_modules\express\lib\application.js:635:24)
    at startServer (D:\Grad Project Lai\Grad Project\JOSWE\backend\server.js:100:9)
2026-06-07 14:07:35 [ERROR]: Error: listen EADDRINUSE: address already in use :::5000
    at Server.setupListenHandle [as _listen2] (node:net:2008:16)
    at listenInCluster (node:net:2065:12)
    at Server.listen (node:net:2170:7)
    at app.listen (D:\Grad Project Lai\Grad Project\JOSWE\backend\node_modules\express\lib\application.js:635:24)
    at startServer (D:\Grad Project Lai\Grad Project\JOSWE\backend\server.js:100:9)
2026-06-07 14:26:07 [ERROR]: Error: listen EADDRINUSE: address already in use :::5000
    at Server.setupListenHandle [as _listen2] (node:net:2008:16)
    at listenInCluster (node:net:2065:12)
    at Server.listen (node:net:2170:7)
    at app.listen (D:\Grad Project Lai\Grad Project\JOSWE\backend\node_modules\express\lib\application.js:635:24)
    at startServer (D:\Grad Project Lai\Grad Project\JOSWE\backend\server.js:100:9)
2026-06-07 14:26:29 [ERROR]: Error: listen EADDRINUSE: address already in use :::5000
    at Server.setupListenHandle [as _listen2] (node:net:2008:16)
    at listenInCluster (node:net:2065:12)
    at Server.listen (node:net:2170:7)
    at app.listen (D:\Grad Project Lai\Grad Project\JOSWE\backend\node_modules\express\lib\application.js:635:24)
    at startServer (D:\Grad Project Lai\Grad Project\JOSWE\backend\server.js:100:9)
2026-06-07 15:52:04 [ERROR]: Error: listen EADDRINUSE: address already in use :::5000
    at Server.setupListenHandle [as _listen2] (node:net:2008:16)
    at listenInCluster (node:net:2065:12)
    at Server.listen (node:net:2170:7)
    at app.listen (D:\Grad Project Lai\Grad Project\JOSWE\backend\node_modules\express\lib\application.js:635:24)
    at startServer (D:\Grad Project Lai\Grad Project\JOSWE\backend\server.js:100:9)
2026-06-07 15:52:04 [ERROR]: Error: listen EADDRINUSE: address already in use :::5000
    at Server.setupListenHandle [as _listen2] (node:net:2008:16)
    at listenInCluster (node:net:2065:12)
    at Server.listen (node:net:2170:7)
    at app.listen (D:\Grad Project Lai\Grad Project\JOSWE\backend\node_modules\express\lib\application.js:635:24)
    at startServer (D:\Grad Project Lai\Grad Project\JOSWE\backend\server.js:100:9)
2026-06-07 19:22:07 [ERROR]: Error: listen EADDRINUSE: address already in use :::5000
    at Server.setupListenHandle [as _listen2] (node:net:2008:16)
    at listenInCluster (node:net:2065:12)
    at Server.listen (node:net:2170:7)
    at app.listen (D:\Grad Project Lai\Grad Project\JOSWE\backend\node_modules\express\lib\application.js:635:24)
    at startServer (D:\Grad Project Lai\Grad Project\JOSWE\backend\server.js:100:9)
2026-06-07 19:30:47 [ERROR]: Error: listen EADDRINUSE: address already in use :::5000
    at Server.setupListenHandle [as _listen2] (node:net:2008:16)
    at listenInCluster (node:net:2065:12)
    at Server.listen (node:net:2170:7)
    at app.listen (D:\Grad Project Lai\Grad Project\JOSWE\backend\node_modules\express\lib\application.js:635:24)
    at startServer (D:\Grad Project Lai\Grad Project\JOSWE\backend\server.js:100:9)
2026-06-07 19:31:10 [ERROR]: Error: listen EADDRINUSE: address already in use :::5000
    at Server.setupListenHandle [as _listen2] (node:net:2008:16)
    at listenInCluster (node:net:2065:12)
    at Server.listen (node:net:2170:7)
    at app.listen (D:\Grad Project Lai\Grad Project\JOSWE\backend\node_modules\express\lib\application.js:635:24)
    at startServer (D:\Grad Project Lai\Grad Project\JOSWE\backend\server.js:100:9)
2026-06-07 19:56:59 [ERROR]: Error: listen EADDRINUSE: address already in use :::5000
    at Server.setupListenHandle [as _listen2] (node:net:2008:16)
    at listenInCluster (node:net:2065:12)
    at Server.listen (node:net:2170:7)
    at app.listen (D:\Grad Project Lai\Grad Project\JOSWE\backend\node_modules\express\lib\application.js:635:24)
    at startServer (D:\Grad Project Lai\Grad Project\JOSWE\backend\server.js:100:9)
2026-06-07 20:02:30 [ERROR]: Error: listen EADDRINUSE: address already in use :::5000
    at Server.setupListenHandle [as _listen2] (node:net:2008:16)
    at listenInCluster (node:net:2065:12)
    at Server.listen (node:net:2170:7)
    at app.listen (D:\Grad Project Lai\Grad Project\JOSWE\backend\node_modules\express\lib\application.js:635:24)
    at startServer (D:\Grad Project Lai\Grad Project\JOSWE\backend\server.js:100:9)
2026-06-07 20:09:14 [ERROR]: Error: listen EADDRINUSE: address already in use :::5000
    at Server.setupListenHandle [as _listen2] (node:net:2008:16)
    at listenInCluster (node:net:2065:12)
    at Server.listen (node:net:2170:7)
    at app.listen (D:\Grad Project Lai\Grad Project\JOSWE\backend\node_modules\express\lib\application.js:635:24)
    at startServer (D:\Grad Project Lai\Grad Project\JOSWE\backend\server.js:100:9)
2026-06-07 20:13:38 [ERROR]: Error: listen EADDRINUSE: address already in use :::5000
    at Server.setupListenHandle [as _listen2] (node:net:2008:16)
    at listenInCluster (node:net:2065:12)
    at Server.listen (node:net:2170:7)
    at app.listen (D:\Grad Project Lai\Grad Project\JOSWE\backend\node_modules\express\lib\application.js:635:24)
    at startServer (D:\Grad Project Lai\Grad Project\JOSWE\backend\server.js:100:9)
2026-06-07 20:26:06 [ERROR]: Error: listen EADDRINUSE: address already in use :::5000
    at Server.setupListenHandle [as _listen2] (node:net:2008:16)
    at listenInCluster (node:net:2065:12)
    at Server.listen (node:net:2170:7)
    at app.listen (D:\Grad Project Lai\Grad Project\JOSWE\backend\node_modules\express\lib\application.js:635:24)
    at startServer (D:\Grad Project Lai\Grad Project\JOSWE\backend\server.js:100:9)
2026-06-07 20:28:28 [ERROR]: Error: listen EADDRINUSE: address already in use :::5000
    at Server.setupListenHandle [as _listen2] (node:net:2008:16)
    at listenInCluster (node:net:2065:12)
    at Server.listen (node:net:2170:7)
    at app.listen (D:\Grad Project Lai\Grad Project\JOSWE\backend\node_modules\express\lib\application.js:635:24)
    at startServer (D:\Grad Project Lai\Grad Project\JOSWE\backend\server.js:100:9)
2026-06-07 20:34:08 [ERROR]: Error: listen EADDRINUSE: address already in use :::5000
    at Server.setupListenHandle [as _listen2] (node:net:2008:16)
    at listenInCluster (node:net:2065:12)
    at Server.listen (node:net:2170:7)
    at app.listen (D:\Grad Project Lai\Grad Project\JOSWE\backend\node_modules\express\lib\application.js:635:24)
    at startServer (D:\Grad Project Lai\Grad Project\JOSWE\backend\server.js:100:9)
2026-06-07 20:34:42 [ERROR]: Error: listen EADDRINUSE: address already in use :::5000
    at Server.setupListenHandle [as _listen2] (node:net:2008:16)
    at listenInCluster (node:net:2065:12)
    at Server.listen (node:net:2170:7)
    at app.listen (D:\Grad Project Lai\Grad Project\JOSWE\backend\node_modules\express\lib\application.js:635:24)
    at startServer (D:\Grad Project Lai\Grad Project\JOSWE\backend\server.js:100:9)
2026-06-07 20:35:09 [ERROR]: Error: listen EADDRINUSE: address already in use :::5000
    at Server.setupListenHandle [as _listen2] (node:net:2008:16)
    at listenInCluster (node:net:2065:12)
    at Server.listen (node:net:2170:7)
    at app.listen (D:\Grad Project Lai\Grad Project\JOSWE\backend\node_modules\express\lib\application.js:635:24)
    at startServer (D:\Grad Project Lai\Grad Project\JOSWE\backend\server.js:100:9)
2026-06-07 20:35:21 [ERROR]: Error: listen EADDRINUSE: address already in use :::5000
    at Server.setupListenHandle [as _listen2] (node:net:2008:16)
    at listenInCluster (node:net:2065:12)
    at Server.listen (node:net:2170:7)
    at app.listen (D:\Grad Project Lai\Grad Project\JOSWE\backend\node_modules\express\lib\application.js:635:24)
    at startServer (D:\Grad Project Lai\Grad Project\JOSWE\backend\server.js:100:9)
2026-06-07 20:39:03 [ERROR]: Error: listen EADDRINUSE: address already in use :::5000
    at Server.setupListenHandle [as _listen2] (node:net:2008:16)
    at listenInCluster (node:net:2065:12)
    at Server.listen (node:net:2170:7)
    at app.listen (D:\Grad Project Lai\Grad Project\JOSWE\backend\node_modules\express\lib\application.js:635:24)
    at startServer (D:\Grad Project Lai\Grad Project\JOSWE\backend\server.js:100:9)
2026-06-07 21:37:20 [ERROR]: Error: listen EADDRINUSE: address already in use :::5000
    at Server.setupListenHandle [as _listen2] (node:net:2008:16)
    at listenInCluster (node:net:2065:12)
    at Server.listen (node:net:2170:7)
    at app.listen (D:\Grad Project Lai\Grad Project\JOSWE\backend\node_modules\express\lib\application.js:635:24)
    at startServer (D:\Grad Project Lai\Grad Project\JOSWE\backend\server.js:100:9)
2026-06-07 21:37:36 [ERROR]: Error: listen EADDRINUSE: address already in use :::5000
    at Server.setupListenHandle [as _listen2] (node:net:2008:16)
    at listenInCluster (node:net:2065:12)
    at Server.listen (node:net:2170:7)
    at app.listen (D:\Grad Project Lai\Grad Project\JOSWE\backend\node_modules\express\lib\application.js:635:24)
    at startServer (D:\Grad Project Lai\Grad Project\JOSWE\backend\server.js:100:9)
2026-06-07 21:38:15 [ERROR]: Error: listen EADDRINUSE: address already in use :::5000
    at Server.setupListenHandle [as _listen2] (node:net:2008:16)
    at listenInCluster (node:net:2065:12)
    at Server.listen (node:net:2170:7)
    at app.listen (D:\Grad Project Lai\Grad Project\JOSWE\backend\node_modules\express\lib\application.js:635:24)
    at startServer (D:\Grad Project Lai\Grad Project\JOSWE\backend\server.js:100:9)
2026-06-07 22:08:20 [ERROR]: Error: listen EADDRINUSE: address already in use :::5000
    at Server.setupListenHandle [as _listen2] (node:net:2008:16)
    at listenInCluster (node:net:2065:12)
    at Server.listen (node:net:2170:7)
    at app.listen (D:\Grad Project Lai\Grad Project\JOSWE\backend\node_modules\express\lib\application.js:635:24)
    at startServer (D:\Grad Project Lai\Grad Project\JOSWE\backend\server.js:100:9)
